#
# There is insufficient memory for the Java Runtime Environment to continue.
# Native memory allocation (mmap) failed to map 564133888 bytes for committing reserved memory.
# Possible reasons:
#   The system is out of physical RAM or swap space
#   The process is running with CompressedOops enabled, and the Java Heap may be blocking the growth of the native heap
# Possible solutions:
#   Reduce memory load on the system
#   Increase physical memory or swap space
#   Check if swap backing store is full
#   Decrease Java heap size (-Xmx/-Xms)
#   Decrease number of Java threads
#   Decrease Java thread stack sizes (-Xss)
#   Set larger code cache with -XX:ReservedCodeCacheSize=
#   JVM is running with Unscaled Compressed Oops mode in which the Java heap is
#     placed in the first 4GB address space. The Java Heap base address is the
#     maximum limit for the native heap growth. Please use -XX:HeapBaseMinAddress
#     to set the Java Heap base and to place the Java Heap above 4GB virtual address.
# This output file may be truncated or incomplete.
#
#  Out of Memory Error (os_linux.cpp:2719), pid=3328, tid=3340
#
# JRE version: OpenJDK Runtime Environment (11.0.3+7) (build 11.0.3+7-Ubuntu-1ubuntu218.04.1)
# Java VM: OpenJDK 64-Bit Server VM (11.0.3+7-Ubuntu-1ubuntu218.04.1, mixed mode, sharing, tiered, compressed oops, g1 gc, linux-amd64)
# Core dump will be written. Default location: Core dumps may be processed with "/usr/share/apport/apport %p %s %c %d %P" (or dumping to /home/rishi/Desktop/Nucleus/sql/core.3328)
#

---------------  S U M M A R Y ------------

Command Line: -Dfile.encoding=UTF-8 com.example.NucleusApplication

Host: Intel(R) Core(TM) i7-4510U CPU @ 2.00GHz, 4 cores, 7G, Ubuntu 18.04.2 LTS
Time: Fri Jul 26 12:17:55 2019 IST elapsed time: 14819 seconds (0d 4h 6m 59s)

---------------  T H R E A D  ---------------

Current thread (0x00007f8968106800):  VMThread "VM Thread" [stack: 0x00007f89415fe000,0x00007f89416fe000] [id=3340]

Stack: [0x00007f89415fe000,0x00007f89416fe000],  sp=0x00007f89416fbff0,  free space=1015k
Native frames: (J=compiled Java code, A=aot compiled Java code, j=interpreted, Vv=VM code, C=native code)
V  [libjvm.so+0xde1587]
V  [libjvm.so+0xde21db]
V  [libjvm.so+0x650895]
V  [libjvm.so+0xbbc6c8]
V  [libjvm.so+0xbb3f2d]
V  [libjvm.so+0x76ea7f]
V  [libjvm.so+0x76ecee]
V  [libjvm.so+0x77ad60]
V  [libjvm.so+0x7f5e29]
V  [libjvm.so+0x7f6a82]
V  [libjvm.so+0x7f6ee9]
V  [libjvm.so+0x72d3af]
V  [libjvm.so+0x7320aa]
V  [libjvm.so+0xded011]
V  [libjvm.so+0xdebbd8]
V  [libjvm.so+0xde9466]
V  [libjvm.so+0xde992e]
V  [libjvm.so+0xde9d53]
V  [libjvm.so+0xd7805a]
V  [libjvm.so+0xbc238e]

VM_Operation (0x00007f89058e84b0): G1CollectForAllocation, mode: safepoint, requested by thread 0x00007f88f034d000


---------------  P R O C E S S  ---------------

Threads class SMR info:
_java_thread_list=0x00007f88e83aaf90, length=32, elements={
0x00007f8968109800, 0x00007f896810b800, 0x00007f8968111000, 0x00007f8968113000,
0x00007f8968115000, 0x00007f8968117000, 0x00007f896814e800, 0x00007f8968156800,
0x00007f88f0858800, 0x00007f88e838e000, 0x00007f88f0859800, 0x00007f88f0b54000,
0x00007f88f031d800, 0x00007f88f0113800, 0x00007f88f034b800, 0x00007f88f034d000,
0x00007f88f034f000, 0x00007f88f0351000, 0x00007f88f041c000, 0x00007f88f041d800,
0x00007f88f041f800, 0x00007f88f0421800, 0x00007f88f0444000, 0x00007f88f044a000,
0x00007f88f0649800, 0x00007f8968013000, 0x00007f88d00f1800, 0x00007f8920001800,
0x00007f88f459f000, 0x00007f88f0acc800, 0x00007f88e83a0000, 0x00007f88e83a9800
}

Java Threads: ( => current thread )
  0x00007f8968109800 JavaThread "Reference Handler" daemon [_thread_blocked, id=3342, stack(0x00007f89414fb000,0x00007f89415fc000)]
  0x00007f896810b800 JavaThread "Finalizer" daemon [_thread_blocked, id=3343, stack(0x00007f89413fa000,0x00007f89414fb000)]
  0x00007f8968111000 JavaThread "Signal Dispatcher" daemon [_thread_blocked, id=3344, stack(0x00007f894101b000,0x00007f894111c000)]
  0x00007f8968113000 JavaThread "C2 CompilerThread0" daemon [_thread_blocked, id=3345, stack(0x00007f8940f1a000,0x00007f894101b000)]
  0x00007f8968115000 JavaThread "C1 CompilerThread0" daemon [_thread_blocked, id=3346, stack(0x00007f8940e19000,0x00007f8940f1a000)]
  0x00007f8968117000 JavaThread "Sweeper thread" daemon [_thread_blocked, id=3347, stack(0x00007f8940d18000,0x00007f8940e19000)]
  0x00007f896814e800 JavaThread "Service Thread" daemon [_thread_blocked, id=3348, stack(0x00007f8940c17000,0x00007f8940d18000)]
  0x00007f8968156800 JavaThread "Common-Cleaner" daemon [_thread_blocked, id=3350, stack(0x00007f8940a14000,0x00007f8940b15000)]
  0x00007f88f0858800 JavaThread "Catalina-utility-1" [_thread_blocked, id=3360, stack(0x00007f89079f8000,0x00007f8907af9000)]
  0x00007f88e838e000 JavaThread "Catalina-utility-2" [_thread_blocked, id=3361, stack(0x00007f89065f5000,0x00007f89066f6000)]
  0x00007f88f0859800 JavaThread "container-0" [_thread_blocked, id=3362, stack(0x00007f89064f4000,0x00007f89065f5000)]
  0x00007f88f0b54000 JavaThread "File Watcher" daemon [_thread_blocked, id=3363, stack(0x00007f8905df0000,0x00007f8905ef1000)]
  0x00007f88f031d800 JavaThread "http-nio-7001-BlockPoller" daemon [_thread_in_native, id=3364, stack(0x00007f8905aef000,0x00007f8905bf0000)]
  0x00007f88f0113800 JavaThread "http-nio-7001-exec-1" daemon [_thread_blocked, id=3365, stack(0x00007f89059ee000,0x00007f8905aef000)]
  0x00007f88f034b800 JavaThread "http-nio-7001-exec-2" daemon [_thread_blocked, id=3366, stack(0x00007f89058ed000,0x00007f89059ee000)]
  0x00007f88f034d000 JavaThread "http-nio-7001-exec-3" daemon [_thread_blocked, id=3367, stack(0x00007f89057ec000,0x00007f89058ed000)]
  0x00007f88f034f000 JavaThread "http-nio-7001-exec-4" daemon [_thread_blocked, id=3368, stack(0x00007f89056eb000,0x00007f89057ec000)]
  0x00007f88f0351000 JavaThread "http-nio-7001-exec-5" daemon [_thread_blocked, id=3369, stack(0x00007f89055ea000,0x00007f89056eb000)]
  0x00007f88f041c000 JavaThread "http-nio-7001-exec-6" daemon [_thread_blocked, id=3370, stack(0x00007f89054e9000,0x00007f89055ea000)]
  0x00007f88f041d800 JavaThread "http-nio-7001-exec-7" daemon [_thread_blocked, id=3371, stack(0x00007f89053e8000,0x00007f89054e9000)]
  0x00007f88f041f800 JavaThread "http-nio-7001-exec-8" daemon [_thread_blocked, id=3372, stack(0x00007f89052e7000,0x00007f89053e8000)]
  0x00007f88f0421800 JavaThread "http-nio-7001-exec-9" daemon [_thread_blocked, id=3373, stack(0x00007f89051e6000,0x00007f89052e7000)]
  0x00007f88f0444000 JavaThread "http-nio-7001-exec-10" daemon [_thread_blocked, id=3374, stack(0x00007f89050e5000,0x00007f89051e6000)]
  0x00007f88f044a000 JavaThread "http-nio-7001-ClientPoller" daemon [_thread_blocked, id=3375, stack(0x00007f8904fe4000,0x00007f89050e5000)]
  0x00007f88f0649800 JavaThread "http-nio-7001-Acceptor" daemon [_thread_in_native, id=3376, stack(0x00007f8904ee3000,0x00007f8904fe4000)]
  0x00007f8968013000 JavaThread "DestroyJavaVM" [_thread_blocked, id=3330, stack(0x00007f8970c57000,0x00007f8970d58000)]
  0x00007f88d00f1800 JavaThread "Abandoned connection cleanup thread" daemon [_thread_blocked, id=4373, stack(0x00007f8907cfb000,0x00007f8907dfc000)]
  0x00007f8920001800 JavaThread "Attach Listener" daemon [_thread_blocked, id=5017, stack(0x00007f8907af9000,0x00007f8907bfa000)]
  0x00007f88f459f000 JavaThread "RMI TCP Accept-0" daemon [_thread_in_native, id=5033, stack(0x00007f8907bfa000,0x00007f8907cfb000)]
  0x00007f88f0acc800 JavaThread "RMI TCP Connection(idle)" daemon [_thread_blocked, id=5042, stack(0x00007f89047e2000,0x00007f89048e3000)]
  0x00007f88e83a0000 JavaThread "RMI Scheduler(0)" daemon [_thread_blocked, id=5046, stack(0x00007f89046e1000,0x00007f89047e2000)]
  0x00007f88e83a9800 JavaThread "JMX server connection timeout 41" daemon [_thread_blocked, id=5049, stack(0x00007f89045e0000,0x00007f89046e1000)]

Other Threads:
=>0x00007f8968106800 VMThread "VM Thread" [stack: 0x00007f89415fe000,0x00007f89416fe000] [id=3340]
  0x00007f8968150800 WatcherThread [stack: 0x00007f8940b17000,0x00007f8940c17000] [id=3349]
  0x00007f8968029800 GCTaskThread "GC Thread#0" [stack: 0x00007f896cc7c000,0x00007f896cd7c000] [id=3331]
  0x00007f8934001000 GCTaskThread "GC Thread#1" [stack: 0x00007f89400e1000,0x00007f89401e1000] [id=3351]
  0x00007f8934002800 GCTaskThread "GC Thread#2" [stack: 0x00007f8907f00000,0x00007f8908000000] [id=3352]
  0x00007f8934005000 GCTaskThread "GC Thread#3" [stack: 0x00007f89078f8000,0x00007f89079f8000] [id=3358]
  0x00007f896805a800 ConcurrentGCThread "G1 Main Marker" [stack: 0x00007f89504a6000,0x00007f89505a6000] [id=3332]
  0x00007f896805c800 ConcurrentGCThread "G1 Conc#0" [stack: 0x00007f89503a4000,0x00007f89504a4000] [id=3333]
  0x00007f89680d4800 ConcurrentGCThread "G1 Refine#0" [stack: 0x00007f894807f000,0x00007f894817f000] [id=3336]
  0x00007f8938001000 ConcurrentGCThread "G1 Refine#1" [stack: 0x00007f8907dfe000,0x00007f8907efe000] [id=3353]
  0x00007f88f8001000 ConcurrentGCThread "G1 Refine#2" [stack: 0x00007f89042e0000,0x00007f89043e0000] [id=14311]
  0x00007f88fc007800 ConcurrentGCThread "G1 Refine#3" [stack: 0x00007f89041de000,0x00007f89042de000] [id=14312]
  0x00007f89680d6000 ConcurrentGCThread "G1 Young RemSet Sampling" [stack: 0x00007f8941f00000,0x00007f8942000000] [id=3337]

Threads with active compile tasks:
C2 CompilerThread07456       4       java.util.Date::normalize (110 bytes)

VM state:at safepoint (normal execution)

VM Mutex/Monitor currently owned by a thread:  ([mutex/lock_event])
[0x00007f896800f400] Threads_lock - owner thread: 0x00007f8968106800
[0x00007f896800fb50] Heap_lock - owner thread: 0x00007f88f034d000

Heap address: 0x0000000085000000, size: 1968 MB, Compressed Oops mode: 32-bit
Narrow klass base: 0x0000000800000000, Narrow klass shift: 3
Compressed class space size: 1073741824 Address: 0x0000000840000000

Heap:
 garbage-first heap   total 826368K, used 260142K [0x0000000085000000, 0x0000000100000000)
  region size 1024K, 2 young (2048K), 2 survivors (2048K)
 Metaspace       used 44452K, capacity 45589K, committed 46416K, reserved 1089536K
  class space    used 5161K, capacity 5569K, committed 5888K, reserved 1048576K
Heap Regions: E=young(eden), S=young(survivor), O=old, HS=humongous(starts), HC=humongous(continues), CS=collection set, F=free, A=archive, TAMS=top-at-mark-start (previous, next)
|   0|0x0000000085000000, 0x0000000085100000, 0x0000000085100000|100%| O|  |TAMS 0x0000000085100000, 0x0000000085000000| Updating 
|   1|0x0000000085100000, 0x0000000085200000, 0x0000000085200000|100%| O|  |TAMS 0x0000000085200000, 0x0000000085100000| Updating 
|   2|0x0000000085200000, 0x0000000085300000, 0x0000000085300000|100%| O|  |TAMS 0x0000000085300000, 0x0000000085200000| Updating 
|   3|0x0000000085300000, 0x0000000085400000, 0x0000000085400000|100%| O|  |TAMS 0x0000000085400000, 0x0000000085300000| Updating 
|   4|0x0000000085400000, 0x0000000085500000, 0x0000000085500000|100%| O|  |TAMS 0x0000000085500000, 0x0000000085400000| Updating 
|   5|0x0000000085500000, 0x0000000085600000, 0x0000000085600000|100%| O|  |TAMS 0x0000000085600000, 0x0000000085500000| Updating 
|   6|0x0000000085600000, 0x0000000085700000, 0x0000000085700000|100%| O|  |TAMS 0x0000000085700000, 0x0000000085600000| Updating 
|   7|0x0000000085700000, 0x0000000085800000, 0x0000000085800000|100%| O|  |TAMS 0x0000000085800000, 0x0000000085700000| Updating 
|   8|0x0000000085800000, 0x0000000085900000, 0x0000000085900000|100%| O|  |TAMS 0x0000000085900000, 0x0000000085800000| Updating 
|   9|0x0000000085900000, 0x0000000085a00000, 0x0000000085a00000|100%| O|  |TAMS 0x0000000085a00000, 0x0000000085900000| Updating 
|  10|0x0000000085a00000, 0x0000000085b00000, 0x0000000085b00000|100%| O|  |TAMS 0x0000000085b00000, 0x0000000085a00000| Updating 
|  11|0x0000000085b00000, 0x0000000085c00000, 0x0000000085c00000|100%| O|  |TAMS 0x0000000085c00000, 0x0000000085b00000| Updating 
|  12|0x0000000085c00000, 0x0000000085d00000, 0x0000000085d00000|100%| O|  |TAMS 0x0000000085d00000, 0x0000000085c00000| Updating 
|  13|0x0000000085d00000, 0x0000000085e00000, 0x0000000085e00000|100%| O|  |TAMS 0x0000000085e00000, 0x0000000085d00000| Updating 
|  14|0x0000000085e00000, 0x0000000085f00000, 0x0000000085f00000|100%| O|  |TAMS 0x0000000085f00000, 0x0000000085e00000| Updating 
|  15|0x0000000085f00000, 0x0000000086000000, 0x0000000086000000|100%| O|  |TAMS 0x0000000085f00000, 0x0000000085f00000| Untracked 
|  16|0x0000000086000000, 0x0000000086100000, 0x0000000086100000|100%| S|CS|TAMS 0x0000000086000000, 0x0000000086000000| Complete 
|  17|0x0000000086100000, 0x0000000086200000, 0x0000000086200000|100%|HS|  |TAMS 0x0000000086200000, 0x0000000086100000| Complete 
|  18|0x0000000086200000, 0x0000000086300000, 0x0000000086300000|100%|HC|  |TAMS 0x0000000086300000, 0x0000000086200000| Complete 
|  19|0x0000000086300000, 0x0000000086400000, 0x0000000086400000|100%| O|  |TAMS 0x0000000086400000, 0x0000000086300000| Updating 
|  20|0x0000000086400000, 0x0000000086500000, 0x0000000086500000|100%| O|  |TAMS 0x0000000086500000, 0x0000000086400000| Updating 
|  21|0x0000000086500000, 0x0000000086600000, 0x0000000086600000|100%| O|  |TAMS 0x0000000086600000, 0x0000000086500000| Updating 
|  22|0x0000000086600000, 0x0000000086700000, 0x0000000086700000|100%| O|  |TAMS 0x0000000086700000, 0x0000000086600000| Updating 
|  23|0x0000000086700000, 0x0000000086800000, 0x0000000086800000|100%| O|  |TAMS 0x0000000086800000, 0x0000000086700000| Updating 
|  24|0x0000000086800000, 0x0000000086900000, 0x0000000086900000|100%| O|  |TAMS 0x0000000086900000, 0x0000000086800000| Updating 
|  25|0x0000000086900000, 0x0000000086a00000, 0x0000000086a00000|100%| O|  |TAMS 0x0000000086a00000, 0x0000000086900000| Updating 
|  26|0x0000000086a00000, 0x0000000086b00000, 0x0000000086b00000|100%| O|  |TAMS 0x0000000086b00000, 0x0000000086a00000| Updating 
|  27|0x0000000086b00000, 0x0000000086c00000, 0x0000000086c00000|100%| O|  |TAMS 0x0000000086c00000, 0x0000000086b00000| Updating 
|  28|0x0000000086c00000, 0x0000000086d00000, 0x0000000086d00000|100%| O|  |TAMS 0x0000000086d00000, 0x0000000086c00000| Updating 
|  29|0x0000000086d00000, 0x0000000086e00000, 0x0000000086e00000|100%| O|  |TAMS 0x0000000086e00000, 0x0000000086d00000| Updating 
|  30|0x0000000086e00000, 0x0000000086f00000, 0x0000000086f00000|100%| O|  |TAMS 0x0000000086f00000, 0x0000000086e00000| Updating 
|  31|0x0000000086f00000, 0x0000000087000000, 0x0000000087000000|100%| O|  |TAMS 0x0000000087000000, 0x0000000086f00000| Updating 
|  32|0x0000000087000000, 0x0000000087100000, 0x0000000087100000|100%| O|  |TAMS 0x0000000087100000, 0x0000000087000000| Updating 
|  33|0x0000000087100000, 0x0000000087200000, 0x0000000087200000|100%| O|  |TAMS 0x0000000087200000, 0x0000000087100000| Updating 
|  34|0x0000000087200000, 0x0000000087300000, 0x0000000087300000|100%| O|  |TAMS 0x0000000087300000, 0x0000000087200000| Updating 
|  35|0x0000000087300000, 0x0000000087400000, 0x0000000087400000|100%| O|  |TAMS 0x0000000087400000, 0x0000000087300000| Updating 
|  36|0x0000000087400000, 0x0000000087500000, 0x0000000087500000|100%| O|  |TAMS 0x0000000087500000, 0x0000000087400000| Updating 
|  37|0x0000000087500000, 0x0000000087600000, 0x0000000087600000|100%| O|  |TAMS 0x0000000087600000, 0x0000000087500000| Updating 
|  38|0x0000000087600000, 0x0000000087700000, 0x0000000087700000|100%| O|  |TAMS 0x0000000087700000, 0x0000000087600000| Updating 
|  39|0x0000000087700000, 0x0000000087800000, 0x0000000087800000|100%| O|  |TAMS 0x0000000087800000, 0x0000000087700000| Updating 
|  40|0x0000000087800000, 0x0000000087900000, 0x0000000087900000|100%| O|  |TAMS 0x0000000087900000, 0x0000000087800000| Updating 
|  41|0x0000000087900000, 0x0000000087a00000, 0x0000000087a00000|100%| O|  |TAMS 0x0000000087a00000, 0x0000000087900000| Updating 
|  42|0x0000000087a00000, 0x0000000087b00000, 0x0000000087b00000|100%| O|  |TAMS 0x0000000087b00000, 0x0000000087a00000| Updating 
|  43|0x0000000087b00000, 0x0000000087c00000, 0x0000000087c00000|100%| O|  |TAMS 0x0000000087c00000, 0x0000000087b00000| Updating 
|  44|0x0000000087c00000, 0x0000000087d00000, 0x0000000087d00000|100%| O|  |TAMS 0x0000000087d00000, 0x0000000087c00000| Updating 
|  45|0x0000000087d00000, 0x0000000087e00000, 0x0000000087e00000|100%| O|  |TAMS 0x0000000087e00000, 0x0000000087d00000| Updating 
|  46|0x0000000087e00000, 0x0000000087f00000, 0x0000000087f00000|100%| O|  |TAMS 0x0000000087f00000, 0x0000000087e00000| Updating 
|  47|0x0000000087f00000, 0x0000000088000000, 0x0000000088000000|100%| O|  |TAMS 0x0000000088000000, 0x0000000087f00000| Updating 
|  48|0x0000000088000000, 0x0000000088100000, 0x0000000088100000|100%| O|  |TAMS 0x0000000088100000, 0x0000000088000000| Updating 
|  49|0x0000000088100000, 0x0000000088200000, 0x0000000088200000|100%| O|  |TAMS 0x0000000088200000, 0x0000000088100000| Updating 
|  50|0x0000000088200000, 0x0000000088300000, 0x0000000088300000|100%| O|  |TAMS 0x0000000088300000, 0x0000000088200000| Updating 
|  51|0x0000000088300000, 0x0000000088400000, 0x0000000088400000|100%| O|  |TAMS 0x0000000088400000, 0x0000000088300000| Updating 
|  52|0x0000000088400000, 0x0000000088500000, 0x0000000088500000|100%| O|  |TAMS 0x0000000088500000, 0x0000000088400000| Updating 
|  53|0x0000000088500000, 0x0000000088600000, 0x0000000088600000|100%| O|  |TAMS 0x0000000088600000, 0x0000000088500000| Updating 
|  54|0x0000000088600000, 0x0000000088700000, 0x0000000088700000|100%| O|  |TAMS 0x0000000088700000, 0x0000000088600000| Updating 
|  55|0x0000000088700000, 0x0000000088800000, 0x0000000088800000|100%| O|  |TAMS 0x0000000088800000, 0x0000000088700000| Updating 
|  56|0x0000000088800000, 0x0000000088900000, 0x0000000088900000|100%| O|  |TAMS 0x0000000088900000, 0x0000000088800000| Updating 
|  57|0x0000000088900000, 0x0000000088a00000, 0x0000000088a00000|100%| O|  |TAMS 0x0000000088a00000, 0x0000000088900000| Updating 
|  58|0x0000000088a00000, 0x0000000088b00000, 0x0000000088b00000|100%| O|  |TAMS 0x0000000088b00000, 0x0000000088a00000| Updating 
|  59|0x0000000088b00000, 0x0000000088c00000, 0x0000000088c00000|100%| O|  |TAMS 0x0000000088c00000, 0x0000000088b00000| Updating 
|  60|0x0000000088c00000, 0x0000000088d00000, 0x0000000088d00000|100%| O|  |TAMS 0x0000000088d00000, 0x0000000088c00000| Updating 
|  61|0x0000000088d00000, 0x0000000088e00000, 0x0000000088e00000|100%| O|  |TAMS 0x0000000088e00000, 0x0000000088d00000| Updating 
|  62|0x0000000088e00000, 0x0000000088f00000, 0x0000000088f00000|100%| O|  |TAMS 0x0000000088f00000, 0x0000000088e00000| Updating 
|  63|0x0000000088f00000, 0x0000000089000000, 0x0000000089000000|100%| O|  |TAMS 0x0000000089000000, 0x0000000088f00000| Updating 
|  64|0x0000000089000000, 0x0000000089100000, 0x0000000089100000|100%| O|  |TAMS 0x0000000089100000, 0x0000000089000000| Updating 
|  65|0x0000000089100000, 0x0000000089200000, 0x0000000089200000|100%| O|  |TAMS 0x0000000089200000, 0x0000000089100000| Updating 
|  66|0x0000000089200000, 0x0000000089300000, 0x0000000089300000|100%| O|  |TAMS 0x0000000089300000, 0x0000000089200000| Updating 
|  67|0x0000000089300000, 0x0000000089400000, 0x0000000089400000|100%| O|  |TAMS 0x0000000089400000, 0x0000000089300000| Updating 
|  68|0x0000000089400000, 0x0000000089500000, 0x0000000089500000|100%| O|  |TAMS 0x0000000089500000, 0x0000000089400000| Updating 
|  69|0x0000000089500000, 0x0000000089600000, 0x0000000089600000|100%| O|  |TAMS 0x0000000089600000, 0x0000000089500000| Updating 
|  70|0x0000000089600000, 0x0000000089700000, 0x0000000089700000|100%| O|  |TAMS 0x0000000089700000, 0x0000000089600000| Updating 
|  71|0x0000000089700000, 0x0000000089800000, 0x0000000089800000|100%| O|  |TAMS 0x0000000089800000, 0x0000000089700000| Updating 
|  72|0x0000000089800000, 0x0000000089900000, 0x0000000089900000|100%| O|  |TAMS 0x0000000089900000, 0x0000000089800000| Updating 
|  73|0x0000000089900000, 0x0000000089a00000, 0x0000000089a00000|100%| O|  |TAMS 0x0000000089a00000, 0x0000000089900000| Updating 
|  74|0x0000000089a00000, 0x0000000089b00000, 0x0000000089b00000|100%| O|  |TAMS 0x0000000089b00000, 0x0000000089a00000| Updating 
|  75|0x0000000089b00000, 0x0000000089c00000, 0x0000000089c00000|100%| O|  |TAMS 0x0000000089c00000, 0x0000000089b00000| Updating 
|  76|0x0000000089c00000, 0x0000000089d00000, 0x0000000089d00000|100%| O|  |TAMS 0x0000000089d00000, 0x0000000089c00000| Updating 
|  77|0x0000000089d00000, 0x0000000089e00000, 0x0000000089e00000|100%| O|  |TAMS 0x0000000089e00000, 0x0000000089d00000| Updating 
|  78|0x0000000089e00000, 0x0000000089f00000, 0x0000000089f00000|100%| O|  |TAMS 0x0000000089f00000, 0x0000000089e00000| Updating 
|  79|0x0000000089f00000, 0x000000008a000000, 0x000000008a000000|100%| O|  |TAMS 0x000000008a000000, 0x0000000089f00000| Updating 
|  80|0x000000008a000000, 0x000000008a100000, 0x000000008a100000|100%| O|  |TAMS 0x000000008a100000, 0x000000008a000000| Updating 
|  81|0x000000008a100000, 0x000000008a200000, 0x000000008a200000|100%| O|  |TAMS 0x000000008a200000, 0x000000008a100000| Updating 
|  82|0x000000008a200000, 0x000000008a300000, 0x000000008a300000|100%| O|  |TAMS 0x000000008a300000, 0x000000008a200000| Updating 
|  83|0x000000008a300000, 0x000000008a400000, 0x000000008a400000|100%| O|  |TAMS 0x000000008a400000, 0x000000008a300000| Updating 
|  84|0x000000008a400000, 0x000000008a500000, 0x000000008a500000|100%| O|  |TAMS 0x000000008a500000, 0x000000008a400000| Updating 
|  85|0x000000008a500000, 0x000000008a600000, 0x000000008a600000|100%| O|  |TAMS 0x000000008a600000, 0x000000008a500000| Updating 
|  86|0x000000008a600000, 0x000000008a700000, 0x000000008a700000|100%| O|  |TAMS 0x000000008a700000, 0x000000008a600000| Updating 
|  87|0x000000008a700000, 0x000000008a800000, 0x000000008a800000|100%| O|  |TAMS 0x000000008a800000, 0x000000008a700000| Updating 
|  88|0x000000008a800000, 0x000000008a900000, 0x000000008a900000|100%| O|  |TAMS 0x000000008a900000, 0x000000008a800000| Updating 
|  89|0x000000008a900000, 0x000000008aa00000, 0x000000008aa00000|100%| O|  |TAMS 0x000000008aa00000, 0x000000008a900000| Updating 
|  90|0x000000008aa00000, 0x000000008ab00000, 0x000000008ab00000|100%| O|  |TAMS 0x000000008ab00000, 0x000000008aa00000| Updating 
|  91|0x000000008ab00000, 0x000000008ac00000, 0x000000008ac00000|100%| O|  |TAMS 0x000000008ac00000, 0x000000008ab00000| Updating 
|  92|0x000000008ac00000, 0x000000008ad00000, 0x000000008ad00000|100%| O|  |TAMS 0x000000008ad00000, 0x000000008ac00000| Updating 
|  93|0x000000008ad00000, 0x000000008ae00000, 0x000000008ae00000|100%| O|  |TAMS 0x000000008ae00000, 0x000000008ad00000| Updating 
|  94|0x000000008ae00000, 0x000000008af00000, 0x000000008af00000|100%| O|  |TAMS 0x000000008af00000, 0x000000008ae00000| Updating 
|  95|0x000000008af00000, 0x000000008b000000, 0x000000008b000000|100%| O|  |TAMS 0x000000008b000000, 0x000000008af00000| Updating 
|  96|0x000000008b000000, 0x000000008b100000, 0x000000008b100000|100%| O|  |TAMS 0x000000008b100000, 0x000000008b000000| Updating 
|  97|0x000000008b100000, 0x000000008b200000, 0x000000008b200000|100%| O|  |TAMS 0x000000008b200000, 0x000000008b100000| Updating 
|  98|0x000000008b200000, 0x000000008b300000, 0x000000008b300000|100%| O|  |TAMS 0x000000008b300000, 0x000000008b200000| Updating 
|  99|0x000000008b300000, 0x000000008b400000, 0x000000008b400000|100%| O|  |TAMS 0x000000008b400000, 0x000000008b300000| Updating 
| 100|0x000000008b400000, 0x000000008b500000, 0x000000008b500000|100%| O|  |TAMS 0x000000008b480000, 0x000000008b400000| Updating 
| 101|0x000000008b500000, 0x000000008b600000, 0x000000008b600000|100%|HS|  |TAMS 0x000000008b500000, 0x000000008b500000| Complete 
| 102|0x000000008b600000, 0x000000008b700000, 0x000000008b700000|100%| O|  |TAMS 0x000000008b600000, 0x000000008b600000| Untracked 
| 103|0x000000008b700000, 0x000000008b800000, 0x000000008b800000|100%| O|  |TAMS 0x000000008b700000, 0x000000008b700000| Untracked 
| 104|0x000000008b800000, 0x000000008b900000, 0x000000008b900000|100%| O|  |TAMS 0x000000008b800000, 0x000000008b800000| Untracked 
| 105|0x000000008b900000, 0x000000008ba00000, 0x000000008ba00000|100%| O|  |TAMS 0x000000008b900000, 0x000000008b900000| Untracked 
| 106|0x000000008ba00000, 0x000000008bb00000, 0x000000008bb00000|100%| O|  |TAMS 0x000000008ba00000, 0x000000008ba00000| Untracked 
| 107|0x000000008bb00000, 0x000000008bc00000, 0x000000008bc00000|100%| O|  |TAMS 0x000000008bb00000, 0x000000008bb00000| Untracked 
| 108|0x000000008bc00000, 0x000000008bd00000, 0x000000008bd00000|100%| O|  |TAMS 0x000000008bc00000, 0x000000008bc00000| Untracked 
| 109|0x000000008bd00000, 0x000000008be00000, 0x000000008be00000|100%| O|  |TAMS 0x000000008bd00000, 0x000000008bd00000| Untracked 
| 110|0x000000008be00000, 0x000000008bf00000, 0x000000008bf00000|100%| O|  |TAMS 0x000000008be00000, 0x000000008be00000| Untracked 
| 111|0x000000008bf00000, 0x000000008c000000, 0x000000008c000000|100%| O|  |TAMS 0x000000008bf00000, 0x000000008bf00000| Untracked 
| 112|0x000000008c000000, 0x000000008c100000, 0x000000008c100000|100%| O|  |TAMS 0x000000008c000000, 0x000000008c000000| Untracked 
| 113|0x000000008c100000, 0x000000008c200000, 0x000000008c200000|100%| O|  |TAMS 0x000000008c100000, 0x000000008c100000| Untracked 
| 114|0x000000008c200000, 0x000000008c300000, 0x000000008c300000|100%| O|  |TAMS 0x000000008c200000, 0x000000008c200000| Untracked 
| 115|0x000000008c300000, 0x000000008c400000, 0x000000008c400000|100%| O|  |TAMS 0x000000008c300000, 0x000000008c300000| Untracked 
| 116|0x000000008c400000, 0x000000008c500000, 0x000000008c500000|100%| O|  |TAMS 0x000000008c400000, 0x000000008c400000| Untracked 
| 117|0x000000008c500000, 0x000000008c600000, 0x000000008c600000|100%| O|  |TAMS 0x000000008c500000, 0x000000008c500000| Untracked 
| 118|0x000000008c600000, 0x000000008c700000, 0x000000008c700000|100%| O|  |TAMS 0x000000008c600000, 0x000000008c600000| Untracked 
| 119|0x000000008c700000, 0x000000008c800000, 0x000000008c800000|100%| O|  |TAMS 0x000000008c700000, 0x000000008c700000| Untracked 
| 120|0x000000008c800000, 0x000000008c900000, 0x000000008c900000|100%| O|  |TAMS 0x000000008c800000, 0x000000008c800000| Untracked 
| 121|0x000000008c900000, 0x000000008ca00000, 0x000000008ca00000|100%| O|  |TAMS 0x000000008c900000, 0x000000008c900000| Untracked 
| 122|0x000000008ca00000, 0x000000008cb00000, 0x000000008cb00000|100%| O|  |TAMS 0x000000008ca00000, 0x000000008ca00000| Untracked 
| 123|0x000000008cb00000, 0x000000008cc00000, 0x000000008cc00000|100%| O|  |TAMS 0x000000008cb00000, 0x000000008cb00000| Untracked 
| 124|0x000000008cc00000, 0x000000008cd00000, 0x000000008cd00000|100%| O|  |TAMS 0x000000008cc00000, 0x000000008cc00000| Untracked 
| 125|0x000000008cd00000, 0x000000008ce00000, 0x000000008ce00000|100%| O|  |TAMS 0x000000008cd00000, 0x000000008cd00000| Untracked 
| 126|0x000000008ce00000, 0x000000008cf00000, 0x000000008cf00000|100%| O|  |TAMS 0x000000008ce00000, 0x000000008ce00000| Untracked 
| 127|0x000000008cf00000, 0x000000008d000000, 0x000000008d000000|100%| O|  |TAMS 0x000000008cf00000, 0x000000008cf00000| Untracked 
| 128|0x000000008d000000, 0x000000008d100000, 0x000000008d100000|100%| O|  |TAMS 0x000000008d000000, 0x000000008d000000| Untracked 
| 129|0x000000008d100000, 0x000000008d200000, 0x000000008d200000|100%|HS|  |TAMS 0x000000008d100000, 0x000000008d100000| Complete 
| 130|0x000000008d200000, 0x000000008d300000, 0x000000008d300000|100%| O|  |TAMS 0x000000008d200000, 0x000000008d200000| Untracked 
| 131|0x000000008d300000, 0x000000008d400000, 0x000000008d400000|100%| O|  |TAMS 0x000000008d300000, 0x000000008d300000| Untracked 
| 132|0x000000008d400000, 0x000000008d500000, 0x000000008d500000|100%| O|  |TAMS 0x000000008d400000, 0x000000008d400000| Untracked 
| 133|0x000000008d500000, 0x000000008d600000, 0x000000008d600000|100%| O|  |TAMS 0x000000008d500000, 0x000000008d500000| Untracked 
| 134|0x000000008d600000, 0x000000008d700000, 0x000000008d700000|100%| O|  |TAMS 0x000000008d600000, 0x000000008d600000| Untracked 
| 135|0x000000008d700000, 0x000000008d800000, 0x000000008d800000|100%| O|  |TAMS 0x000000008d700000, 0x000000008d700000| Untracked 
| 136|0x000000008d800000, 0x000000008d900000, 0x000000008d900000|100%| O|  |TAMS 0x000000008d800000, 0x000000008d800000| Untracked 
| 137|0x000000008d900000, 0x000000008da00000, 0x000000008da00000|100%| O|  |TAMS 0x000000008d900000, 0x000000008d900000| Untracked 
| 138|0x000000008da00000, 0x000000008db00000, 0x000000008db00000|100%| O|  |TAMS 0x000000008da00000, 0x000000008da00000| Untracked 
| 139|0x000000008db00000, 0x000000008dc00000, 0x000000008dc00000|100%| O|  |TAMS 0x000000008db00000, 0x000000008db00000| Untracked 
| 140|0x000000008dc00000, 0x000000008dd00000, 0x000000008dd00000|100%| O|  |TAMS 0x000000008dc00000, 0x000000008dc00000| Untracked 
| 141|0x000000008dd00000, 0x000000008de00000, 0x000000008de00000|100%| O|  |TAMS 0x000000008dd00000, 0x000000008dd00000| Untracked 
| 142|0x000000008de00000, 0x000000008df00000, 0x000000008df00000|100%| O|  |TAMS 0x000000008de00000, 0x000000008de00000| Untracked 
| 143|0x000000008df00000, 0x000000008e000000, 0x000000008e000000|100%| O|  |TAMS 0x000000008df00000, 0x000000008df00000| Untracked 
| 144|0x000000008e000000, 0x000000008e100000, 0x000000008e100000|100%| O|  |TAMS 0x000000008e000000, 0x000000008e000000| Untracked 
| 145|0x000000008e100000, 0x000000008e200000, 0x000000008e200000|100%| O|  |TAMS 0x000000008e100000, 0x000000008e100000| Untracked 
| 146|0x000000008e200000, 0x000000008e300000, 0x000000008e300000|100%| O|  |TAMS 0x000000008e200000, 0x000000008e200000| Untracked 
| 147|0x000000008e300000, 0x000000008e400000, 0x000000008e400000|100%| O|  |TAMS 0x000000008e300000, 0x000000008e300000| Untracked 
| 148|0x000000008e400000, 0x000000008e500000, 0x000000008e500000|100%| O|  |TAMS 0x000000008e400000, 0x000000008e400000| Untracked 
| 149|0x000000008e500000, 0x000000008e600000, 0x000000008e600000|100%| O|  |TAMS 0x000000008e500000, 0x000000008e500000| Untracked 
| 150|0x000000008e600000, 0x000000008e700000, 0x000000008e700000|100%| O|  |TAMS 0x000000008e600000, 0x000000008e600000| Untracked 
| 151|0x000000008e700000, 0x000000008e800000, 0x000000008e800000|100%| O|  |TAMS 0x000000008e700000, 0x000000008e700000| Untracked 
| 152|0x000000008e800000, 0x000000008e900000, 0x000000008e900000|100%| O|  |TAMS 0x000000008e800000, 0x000000008e800000| Untracked 
| 153|0x000000008e900000, 0x000000008ea00000, 0x000000008ea00000|100%| O|  |TAMS 0x000000008e900000, 0x000000008e900000| Untracked 
| 154|0x000000008ea00000, 0x000000008eb00000, 0x000000008eb00000|100%| O|  |TAMS 0x000000008ea00000, 0x000000008ea00000| Untracked 
| 155|0x000000008eb00000, 0x000000008ec00000, 0x000000008ec00000|100%| O|  |TAMS 0x000000008eb00000, 0x000000008eb00000| Untracked 
| 156|0x000000008ec00000, 0x000000008ed00000, 0x000000008ed00000|100%| O|  |TAMS 0x000000008ec00000, 0x000000008ec00000| Untracked 
| 157|0x000000008ed00000, 0x000000008ee00000, 0x000000008ee00000|100%| O|  |TAMS 0x000000008ed00000, 0x000000008ed00000| Untracked 
| 158|0x000000008ee00000, 0x000000008ef00000, 0x000000008ef00000|100%| O|  |TAMS 0x000000008ee00000, 0x000000008ee00000| Untracked 
| 159|0x000000008ef00000, 0x000000008f000000, 0x000000008f000000|100%| O|  |TAMS 0x000000008ef00000, 0x000000008ef00000| Untracked 
| 160|0x000000008f000000, 0x000000008f100000, 0x000000008f100000|100%| O|  |TAMS 0x000000008f000000, 0x000000008f000000| Untracked 
| 161|0x000000008f100000, 0x000000008f200000, 0x000000008f200000|100%| O|  |TAMS 0x000000008f100000, 0x000000008f100000| Untracked 
| 162|0x000000008f200000, 0x000000008f300000, 0x000000008f300000|100%| S|CS|TAMS 0x000000008f200000, 0x000000008f200000| Complete 
| 163|0x000000008f300000, 0x000000008f400000, 0x000000008f400000|100%|HS|  |TAMS 0x000000008f300000, 0x000000008f300000| Complete 
| 164|0x000000008f400000, 0x000000008f500000, 0x000000008f500000|100%|HC|  |TAMS 0x000000008f400000, 0x000000008f400000| Complete 
| 165|0x000000008f500000, 0x000000008f600000, 0x000000008f600000|100%| O|  |TAMS 0x000000008f500000, 0x000000008f500000| Untracked 
| 166|0x000000008f600000, 0x000000008f600000, 0x000000008f700000|  0%| F|  |TAMS 0x000000008f600000, 0x000000008f600000| Untracked 
| 167|0x000000008f700000, 0x000000008f700000, 0x000000008f800000|  0%| F|  |TAMS 0x000000008f700000, 0x000000008f700000| Untracked 
| 168|0x000000008f800000, 0x000000008f800000, 0x000000008f900000|  0%| F|  |TAMS 0x000000008f800000, 0x000000008f800000| Untracked 
| 169|0x000000008f900000, 0x000000008f900000, 0x000000008fa00000|  0%| F|  |TAMS 0x000000008f900000, 0x000000008f900000| Untracked 
| 170|0x000000008fa00000, 0x000000008fa00000, 0x000000008fb00000|  0%| F|  |TAMS 0x000000008fa00000, 0x000000008fa00000| Untracked 
| 171|0x000000008fb00000, 0x000000008fb00000, 0x000000008fc00000|  0%| F|  |TAMS 0x000000008fb00000, 0x000000008fb00000| Untracked 
| 172|0x000000008fc00000, 0x000000008fc00000, 0x000000008fd00000|  0%| F|  |TAMS 0x000000008fc00000, 0x000000008fc00000| Untracked 
| 173|0x000000008fd00000, 0x000000008fd00000, 0x000000008fe00000|  0%| F|  |TAMS 0x000000008fd00000, 0x000000008fd00000| Untracked 
| 174|0x000000008fe00000, 0x000000008ff00000, 0x000000008ff00000|100%| O|  |TAMS 0x000000008ff00000, 0x000000008fe00000| Updating 
| 175|0x000000008ff00000, 0x0000000090000000, 0x0000000090000000|100%| O|  |TAMS 0x0000000090000000, 0x000000008ff00000| Updating 
| 176|0x0000000090000000, 0x0000000090100000, 0x0000000090100000|100%| O|  |TAMS 0x0000000090100000, 0x0000000090000000| Updating 
| 177|0x0000000090100000, 0x0000000090200000, 0x0000000090200000|100%| O|  |TAMS 0x0000000090200000, 0x0000000090100000| Updating 
| 178|0x0000000090200000, 0x0000000090300000, 0x0000000090300000|100%| O|  |TAMS 0x0000000090300000, 0x0000000090200000| Updating 
| 179|0x0000000090300000, 0x0000000090400000, 0x0000000090400000|100%| O|  |TAMS 0x0000000090400000, 0x0000000090300000| Updating 
| 180|0x0000000090400000, 0x0000000090500000, 0x0000000090500000|100%| O|  |TAMS 0x0000000090500000, 0x0000000090400000| Updating 
| 181|0x0000000090500000, 0x0000000090600000, 0x0000000090600000|100%| O|  |TAMS 0x0000000090600000, 0x0000000090500000| Updating 
| 182|0x0000000090600000, 0x0000000090700000, 0x0000000090700000|100%| O|  |TAMS 0x0000000090700000, 0x0000000090600000| Updating 
| 183|0x0000000090700000, 0x0000000090800000, 0x0000000090800000|100%| O|  |TAMS 0x0000000090800000, 0x0000000090700000| Updating 
| 184|0x0000000090800000, 0x0000000090900000, 0x0000000090900000|100%| O|  |TAMS 0x0000000090900000, 0x0000000090800000| Updating 
| 185|0x0000000090900000, 0x0000000090a00000, 0x0000000090a00000|100%| O|  |TAMS 0x0000000090a00000, 0x0000000090900000| Updating 
| 186|0x0000000090a00000, 0x0000000090b00000, 0x0000000090b00000|100%| O|  |TAMS 0x0000000090b00000, 0x0000000090a00000| Updating 
| 187|0x0000000090b00000, 0x0000000090c00000, 0x0000000090c00000|100%| O|  |TAMS 0x0000000090c00000, 0x0000000090b00000| Updating 
| 188|0x0000000090c00000, 0x0000000090d00000, 0x0000000090d00000|100%| O|  |TAMS 0x0000000090d00000, 0x0000000090c00000| Updating 
| 189|0x0000000090d00000, 0x0000000090e00000, 0x0000000090e00000|100%| O|  |TAMS 0x0000000090e00000, 0x0000000090d00000| Updating 
| 190|0x0000000090e00000, 0x0000000090f00000, 0x0000000090f00000|100%| O|  |TAMS 0x0000000090f00000, 0x0000000090e00000| Updating 
| 191|0x0000000090f00000, 0x0000000091000000, 0x0000000091000000|100%| O|  |TAMS 0x0000000091000000, 0x0000000090f00000| Updating 
| 192|0x0000000091000000, 0x0000000091100000, 0x0000000091100000|100%| O|  |TAMS 0x0000000091100000, 0x0000000091000000| Updating 
| 193|0x0000000091100000, 0x0000000091200000, 0x0000000091200000|100%| O|  |TAMS 0x0000000091200000, 0x0000000091100000| Updating 
| 194|0x0000000091200000, 0x0000000091300000, 0x0000000091300000|100%| O|  |TAMS 0x0000000091300000, 0x0000000091200000| Updating 
| 195|0x0000000091300000, 0x0000000091400000, 0x0000000091400000|100%| O|  |TAMS 0x0000000091400000, 0x0000000091300000| Updating 
| 196|0x0000000091400000, 0x0000000091500000, 0x0000000091500000|100%| O|  |TAMS 0x0000000091500000, 0x0000000091400000| Updating 
| 197|0x0000000091500000, 0x0000000091600000, 0x0000000091600000|100%| O|  |TAMS 0x0000000091600000, 0x0000000091500000| Updating 
| 198|0x0000000091600000, 0x0000000091700000, 0x0000000091700000|100%| O|  |TAMS 0x0000000091700000, 0x0000000091600000| Updating 
| 199|0x0000000091700000, 0x0000000091800000, 0x0000000091800000|100%| O|  |TAMS 0x0000000091800000, 0x0000000091700000| Updating 
| 200|0x0000000091800000, 0x0000000091900000, 0x0000000091900000|100%| O|  |TAMS 0x0000000091900000, 0x0000000091800000| Updating 
| 201|0x0000000091900000, 0x0000000091a00000, 0x0000000091a00000|100%| O|  |TAMS 0x0000000091a00000, 0x0000000091900000| Updating 
| 202|0x0000000091a00000, 0x0000000091b00000, 0x0000000091b00000|100%| O|  |TAMS 0x0000000091b00000, 0x0000000091a00000| Updating 
| 203|0x0000000091b00000, 0x0000000091c00000, 0x0000000091c00000|100%| O|  |TAMS 0x0000000091c00000, 0x0000000091b00000| Updating 
| 204|0x0000000091c00000, 0x0000000091d00000, 0x0000000091d00000|100%| O|  |TAMS 0x0000000091d00000, 0x0000000091c00000| Updating 
| 205|0x0000000091d00000, 0x0000000091e00000, 0x0000000091e00000|100%| O|  |TAMS 0x0000000091e00000, 0x0000000091d00000| Updating 
| 206|0x0000000091e00000, 0x0000000091f00000, 0x0000000091f00000|100%| O|  |TAMS 0x0000000091f00000, 0x0000000091e00000| Updating 
| 207|0x0000000091f00000, 0x0000000092000000, 0x0000000092000000|100%| O|  |TAMS 0x0000000092000000, 0x0000000091f00000| Updating 
| 208|0x0000000092000000, 0x0000000092100000, 0x0000000092100000|100%| O|  |TAMS 0x0000000092100000, 0x0000000092000000| Updating 
| 209|0x0000000092100000, 0x0000000092200000, 0x0000000092200000|100%| O|  |TAMS 0x0000000092200000, 0x0000000092100000| Updating 
| 210|0x0000000092200000, 0x0000000092300000, 0x0000000092300000|100%| O|  |TAMS 0x0000000092300000, 0x0000000092200000| Updating 
| 211|0x0000000092300000, 0x0000000092400000, 0x0000000092400000|100%| O|  |TAMS 0x0000000092400000, 0x0000000092300000| Updating 
| 212|0x0000000092400000, 0x0000000092500000, 0x0000000092500000|100%| O|  |TAMS 0x0000000092500000, 0x0000000092400000| Updating 
| 213|0x0000000092500000, 0x0000000092600000, 0x0000000092600000|100%| O|  |TAMS 0x0000000092500000, 0x0000000092500000| Untracked 
| 214|0x0000000092600000, 0x0000000092700000, 0x0000000092700000|100%| O|  |TAMS 0x0000000092600000, 0x0000000092600000| Untracked 
| 215|0x0000000092700000, 0x0000000092800000, 0x0000000092800000|100%| O|  |TAMS 0x0000000092700000, 0x0000000092700000| Untracked 
| 216|0x0000000092800000, 0x0000000092900000, 0x0000000092900000|100%| O|  |TAMS 0x0000000092800000, 0x0000000092800000| Untracked 
| 217|0x0000000092900000, 0x0000000092a00000, 0x0000000092a00000|100%| O|  |TAMS 0x0000000092900000, 0x0000000092900000| Untracked 
| 218|0x0000000092a00000, 0x0000000092b00000, 0x0000000092b00000|100%| O|  |TAMS 0x0000000092a00000, 0x0000000092a00000| Untracked 
| 219|0x0000000092b00000, 0x0000000092b00000, 0x0000000092c00000|  0%| F|  |TAMS 0x0000000092b00000, 0x0000000092b00000| Untracked 
| 220|0x0000000092c00000, 0x0000000092d00000, 0x0000000092d00000|100%| O|  |TAMS 0x0000000092c00000, 0x0000000092c00000| Untracked 
| 221|0x0000000092d00000, 0x0000000092e00000, 0x0000000092e00000|100%| O|  |TAMS 0x0000000092d00000, 0x0000000092d00000| Untracked 
| 222|0x0000000092e00000, 0x0000000092f00000, 0x0000000092f00000|100%| O|  |TAMS 0x0000000092e00000, 0x0000000092e00000| Untracked 
| 223|0x0000000092f00000, 0x0000000093000000, 0x0000000093000000|100%| O|  |TAMS 0x0000000092f00000, 0x0000000092f00000| Untracked 
| 224|0x0000000093000000, 0x0000000093100000, 0x0000000093100000|100%| O|  |TAMS 0x0000000093000000, 0x0000000093000000| Untracked 
| 225|0x0000000093100000, 0x0000000093200000, 0x0000000093200000|100%| O|  |TAMS 0x0000000093100000, 0x0000000093100000| Untracked 
| 226|0x0000000093200000, 0x0000000093300000, 0x0000000093300000|100%| O|  |TAMS 0x0000000093200000, 0x0000000093200000| Untracked 
| 227|0x0000000093300000, 0x0000000093400000, 0x0000000093400000|100%| O|  |TAMS 0x0000000093300000, 0x0000000093300000| Untracked 
| 228|0x0000000093400000, 0x0000000093400000, 0x0000000093500000|  0%| F|  |TAMS 0x0000000093400000, 0x0000000093400000| Untracked 
| 229|0x0000000093500000, 0x0000000093500000, 0x0000000093600000|  0%| F|  |TAMS 0x0000000093500000, 0x0000000093500000| Untracked 
| 230|0x0000000093600000, 0x0000000093700000, 0x0000000093700000|100%| O|  |TAMS 0x0000000093600000, 0x0000000093600000| Untracked 
| 231|0x0000000093700000, 0x0000000093800000, 0x0000000093800000|100%| O|  |TAMS 0x0000000093700000, 0x0000000093700000| Untracked 
| 232|0x0000000093800000, 0x0000000093900000, 0x0000000093900000|100%| O|  |TAMS 0x0000000093800000, 0x0000000093800000| Untracked 
| 233|0x0000000093900000, 0x0000000093a00000, 0x0000000093a00000|100%| O|  |TAMS 0x0000000093900000, 0x0000000093900000| Untracked 
| 234|0x0000000093a00000, 0x0000000093b00000, 0x0000000093b00000|100%| O|  |TAMS 0x0000000093a00000, 0x0000000093a00000| Untracked 
| 235|0x0000000093b00000, 0x0000000093c00000, 0x0000000093c00000|100%| O|  |TAMS 0x0000000093b00000, 0x0000000093b00000| Untracked 
| 236|0x0000000093c00000, 0x0000000093d00000, 0x0000000093d00000|100%| O|  |TAMS 0x0000000093c00000, 0x0000000093c00000| Untracked 
| 237|0x0000000093d00000, 0x0000000093e00000, 0x0000000093e00000|100%| O|  |TAMS 0x0000000093d00000, 0x0000000093d00000| Untracked 
| 238|0x0000000093e00000, 0x0000000093f00000, 0x0000000093f00000|100%| O|  |TAMS 0x0000000093e00000, 0x0000000093e00000| Untracked 
| 239|0x0000000093f00000, 0x0000000093f00000, 0x0000000094000000|  0%| F|  |TAMS 0x0000000093f00000, 0x0000000093f00000| Untracked 
| 240|0x0000000094000000, 0x0000000094100000, 0x0000000094100000|100%| O|  |TAMS 0x0000000094000000, 0x0000000094000000| Untracked 
| 241|0x0000000094100000, 0x0000000094200000, 0x0000000094200000|100%| O|  |TAMS 0x0000000094100000, 0x0000000094100000| Untracked 
| 242|0x0000000094200000, 0x0000000094300000, 0x0000000094300000|100%| O|  |TAMS 0x0000000094200000, 0x0000000094200000| Untracked 
| 243|0x0000000094300000, 0x0000000094400000, 0x0000000094400000|100%| O|  |TAMS 0x0000000094300000, 0x0000000094300000| Untracked 
| 244|0x0000000094400000, 0x0000000094500000, 0x0000000094500000|100%| O|  |TAMS 0x0000000094400000, 0x0000000094400000| Untracked 
| 245|0x0000000094500000, 0x0000000094600000, 0x0000000094600000|100%| O|  |TAMS 0x0000000094500000, 0x0000000094500000| Untracked 
| 246|0x0000000094600000, 0x0000000094700000, 0x0000000094700000|100%| O|  |TAMS 0x0000000094600000, 0x0000000094600000| Untracked 
| 247|0x0000000094700000, 0x0000000094800000, 0x0000000094800000|100%| O|  |TAMS 0x0000000094700000, 0x0000000094700000| Untracked 
| 248|0x0000000094800000, 0x0000000094900000, 0x0000000094900000|100%| O|  |TAMS 0x0000000094800000, 0x0000000094800000| Untracked 
| 249|0x0000000094900000, 0x0000000094900000, 0x0000000094a00000|  0%| F|  |TAMS 0x0000000094900000, 0x0000000094900000| Untracked 
| 250|0x0000000094a00000, 0x0000000094b00000, 0x0000000094b00000|100%| O|  |TAMS 0x0000000094a00000, 0x0000000094a00000| Untracked 
| 251|0x0000000094b00000, 0x0000000094c00000, 0x0000000094c00000|100%| O|  |TAMS 0x0000000094b00000, 0x0000000094b00000| Untracked 
| 252|0x0000000094c00000, 0x0000000094d00000, 0x0000000094d00000|100%| O|  |TAMS 0x0000000094c00000, 0x0000000094c00000| Untracked 
| 253|0x0000000094d00000, 0x0000000094e00000, 0x0000000094e00000|100%| O|  |TAMS 0x0000000094d00000, 0x0000000094d00000| Untracked 
| 254|0x0000000094e00000, 0x0000000094f00000, 0x0000000094f00000|100%| O|  |TAMS 0x0000000094e00000, 0x0000000094e00000| Untracked 
| 255|0x0000000094f00000, 0x0000000095000000, 0x0000000095000000|100%| O|  |TAMS 0x0000000094f00000, 0x0000000094f00000| Untracked 
| 256|0x0000000095000000, 0x0000000095100000, 0x0000000095100000|100%| O|  |TAMS 0x0000000095000000, 0x0000000095000000| Untracked 
| 257|0x0000000095100000, 0x0000000095200000, 0x0000000095200000|100%| O|  |TAMS 0x0000000095100000, 0x0000000095100000| Updating 
| 258|0x0000000095200000, 0x0000000095300000, 0x0000000095300000|100%| O|  |TAMS 0x0000000095200000, 0x0000000095200000| Untracked 
| 259|0x0000000095300000, 0x0000000095400000, 0x0000000095400000|100%| O|  |TAMS 0x0000000095300000, 0x0000000095300000| Untracked 
| 260|0x0000000095400000, 0x0000000095500000, 0x0000000095500000|100%| O|  |TAMS 0x0000000095400000, 0x0000000095400000| Untracked 
| 261|0x0000000095500000, 0x0000000095600000, 0x0000000095600000|100%| O|  |TAMS 0x0000000095500000, 0x0000000095500000| Untracked 
| 262|0x0000000095600000, 0x0000000095700000, 0x0000000095700000|100%| O|  |TAMS 0x0000000095600000, 0x0000000095600000| Untracked 
| 263|0x0000000095700000, 0x0000000095800000, 0x0000000095800000|100%| O|  |TAMS 0x0000000095700000, 0x0000000095700000| Untracked 
| 264|0x0000000095800000, 0x0000000095900000, 0x0000000095900000|100%| O|  |TAMS 0x0000000095800000, 0x0000000095800000| Untracked 
| 265|0x0000000095900000, 0x0000000095a00000, 0x0000000095a00000|100%| O|  |TAMS 0x0000000095900000, 0x0000000095900000| Untracked 
| 266|0x0000000095a00000, 0x0000000095a6c800, 0x0000000095b00000| 42%| O|  |TAMS 0x0000000095a00000, 0x0000000095a00000| Untracked 
|1966|0x00000000ffe00000, 0x00000000ffe35000, 0x00000000fff00000| 20%|OA|  |TAMS 0x00000000ffe35000, 0x00000000ffe00000| Untracked 
|1967|0x00000000fff00000, 0x00000000fff6a000, 0x0000000100000000| 41%|CA|  |TAMS 0x00000000fff6a000, 0x00000000fff00000| Untracked 

Card table byte_map: [0x00007f896c0c6000,0x00007f896c49e000] _byte_map_base: 0x00007f896bc9e000

Marking Bits (Prev, Next): (CMBitMap*) 0x00007f8968051e90, (CMBitMap*) 0x00007f8968051e58
 Prev Bits: [0x00007f8948280000, 0x00007f894a140000)
 Next Bits: [0x00007f894a140000, 0x00007f894c000000)

Polling page: 0x00007f8970d9c000

Metaspace:

Usage:
  Non-class:     39.08 MB capacity,    38.37 MB ( 98%) used,   605.09 KB (  2%) free+waste,   123.75 KB ( <1%) overhead. 
      Class:      5.44 MB capacity,     5.04 MB ( 93%) used,   351.52 KB (  6%) free+waste,    55.75 KB (  1%) overhead. 
       Both:     44.52 MB capacity,    43.41 MB ( 98%) used,   956.61 KB (  2%) free+waste,   179.50 KB ( <1%) overhead. 

Virtual space:
  Non-class space:       40.00 MB reserved,      39.58 MB ( 99%) committed 
      Class space:        1.00 GB reserved,       5.75 MB ( <1%) committed 
             Both:        1.04 GB reserved,      45.33 MB (  4%) committed 

Chunk freelists:
   Non-Class:  508.00 KB
       Class:  223.00 KB
        Both:  731.00 KB

CodeHeap 'non-profiled nmethods': size=120032Kb used=3706Kb max_used=3706Kb free=116325Kb
 bounds [0x00007f8958446000, 0x00007f89587e6000, 0x00007f895f97e000]
CodeHeap 'profiled nmethods': size=120032Kb used=15129Kb max_used=15129Kb free=104902Kb
 bounds [0x00007f8950f0e000, 0x00007f8951dee000, 0x00007f8958446000]
CodeHeap 'non-nmethods': size=5696Kb used=1232Kb max_used=1275Kb free=4463Kb
 bounds [0x00007f895097e000, 0x00007f8950bee000, 0x00007f8950f0e000]
 total_blobs=9803 nmethods=6426 adapters=518
 compilation: enabled
              stopped_count=0, restarted_count=0
 full_count=0

Compilation events (10 events):
Event: 14818.853 Thread 0x00007f8968115000 7467       3       org.apache.coyote.http11.filters.ChunkedOutputFilter::doWrite (99 bytes)
Event: 14818.854 Thread 0x00007f8968115000 nmethod 7467 0x00007f8951de7790 code [0x00007f8951de79e0, 0x00007f8951de8278]
Event: 14818.854 Thread 0x00007f8968113000 nmethod 7452 0x00007f89587e4890 code [0x00007f89587e4a80, 0x00007f89587e4d70]
Event: 14818.854 Thread 0x00007f8968113000 7465       4       com.fasterxml.jackson.core.json.UTF8JsonGenerator::_verifyValueWrite (143 bytes)
Event: 14818.856 Thread 0x00007f8968113000 nmethod 7465 0x00007f89587e5090 code [0x00007f89587e5240, 0x00007f89587e5458]
Event: 14818.857 Thread 0x00007f8968113000 7455       4       java.util.TimeZone::getDefaultRef (32 bytes)
Event: 14818.857 Thread 0x00007f8968113000 nmethod 7455 0x00007f89587e5610 code [0x00007f89587e57a0, 0x00007f89587e5818]
Event: 14818.857 Thread 0x00007f8968113000 7456       4       java.util.Date::normalize (110 bytes)
Event: 14818.864 Thread 0x00007f8968115000 7472       3       java.nio.HeapByteBuffer::<init> (29 bytes)
Event: 14818.867 Thread 0x00007f8968115000 nmethod 7472 0x00007f8951de8510 code [0x00007f8951de86c0, 0x00007f8951de88c8]

GC Heap History (10 events):
Event: 14818.367 GC heap after
{Heap after GC invocations=22 (full 0):
 garbage-first heap   total 226304K, used 213978K [0x0000000085000000, 0x0000000100000000)
  region size 1024K, 2 young (2048K), 2 survivors (2048K)
 Metaspace       used 44877K, capacity 46208K, committed 46416K, reserved 1089536K
  class space    used 5271K, capacity 5780K, committed 5888K, reserved 1048576K
}
Event: 14818.388 GC heap before
{Heap before GC invocations=22 (full 0):
 garbage-first heap   total 226304K, used 223194K [0x0000000085000000, 0x0000000100000000)
  region size 1024K, 11 young (11264K), 2 survivors (2048K)
 Metaspace       used 44877K, capacity 46208K, committed 46416K, reserved 1089536K
  class space    used 5271K, capacity 5780K, committed 5888K, reserved 1048576K
}
Event: 14818.414 GC heap after
{Heap after GC invocations=23 (full 0):
 garbage-first heap   total 235520K, used 222844K [0x0000000085000000, 0x0000000100000000)
  region size 1024K, 2 young (2048K), 2 survivors (2048K)
 Metaspace       used 44877K, capacity 46208K, committed 46416K, reserved 1089536K
  class space    used 5271K, capacity 5780K, committed 5888K, reserved 1048576K
}
Event: 14818.434 GC heap before
{Heap before GC invocations=23 (full 0):
 garbage-first heap   total 235520K, used 234108K [0x0000000085000000, 0x0000000100000000)
  region size 1024K, 11 young (11264K), 2 survivors (2048K)
 Metaspace       used 44877K, capacity 46208K, committed 46416K, reserved 1089536K
  class space    used 5271K, capacity 5780K, committed 5888K, reserved 1048576K
}
Event: 14818.449 GC heap after
{Heap after GC invocations=24 (full 0):
 garbage-first heap   total 246784K, used 233466K [0x0000000085000000, 0x0000000100000000)
  region size 1024K, 2 young (2048K), 2 survivors (2048K)
 Metaspace       used 44877K, capacity 46208K, committed 46416K, reserved 1089536K
  class space    used 5271K, capacity 5780K, committed 5888K, reserved 1048576K
}
Event: 14818.472 GC heap before
{Heap before GC invocations=24 (full 0):
 garbage-first heap   total 246784K, used 243706K [0x0000000085000000, 0x0000000100000000)
  region size 1024K, 12 young (12288K), 2 survivors (2048K)
 Metaspace       used 44877K, capacity 46208K, committed 46416K, reserved 1089536K
  class space    used 5271K, capacity 5780K, committed 5888K, reserved 1048576K
}
Event: 14818.486 GC heap after
{Heap after GC invocations=25 (full 0):
 garbage-first heap   total 257024K, used 243078K [0x0000000085000000, 0x0000000100000000)
  region size 1024K, 2 young (2048K), 2 survivors (2048K)
 Metaspace       used 44877K, capacity 46208K, committed 46416K, reserved 1089536K
  class space    used 5271K, capacity 5780K, committed 5888K, reserved 1048576K
}
Event: 14818.508 GC heap before
{Heap before GC invocations=25 (full 0):
 garbage-first heap   total 257024K, used 253318K [0x0000000085000000, 0x0000000100000000)
  region size 1024K, 12 young (12288K), 2 survivors (2048K)
 Metaspace       used 44877K, capacity 46208K, committed 46416K, reserved 1089536K
  class space    used 5271K, capacity 5780K, committed 5888K, reserved 1048576K
}
Event: 14818.526 GC heap after
{Heap after GC invocations=26 (full 0):
 garbage-first heap   total 266240K, used 252365K [0x0000000085000000, 0x0000000100000000)
  region size 1024K, 2 young (2048K), 2 survivors (2048K)
 Metaspace       used 44877K, capacity 46208K, committed 46416K, reserved 1089536K
  class space    used 5271K, capacity 5780K, committed 5888K, reserved 1048576K
}
Event: 14818.867 GC heap before
{Heap before GC invocations=26 (full 0):
 garbage-first heap   total 266240K, used 261581K [0x0000000085000000, 0x0000000100000000)
  region size 1024K, 13 young (13312K), 2 survivors (2048K)
 Metaspace       used 44452K, capacity 45589K, committed 46416K, reserved 1089536K
  class space    used 5161K, capacity 5569K, committed 5888K, reserved 1048576K
}

Deoptimization events (10 events):
Event: 11296.730 Thread 0x00007f88f034d000 Uncommon trap: reason=unstable_if action=reinterpret pc=0x00007f895869b840 method=java.lang.ref.SoftReference.get()Ljava/lang/Object; @ 6 c2
Event: 14817.101 Thread 0x00007f88f034d000 Uncommon trap: reason=unstable_if action=reinterpret pc=0x00007f89585eaa98 method=com.mysql.jdbc.util.ReadAheadInputStream.readFromUnderlyingStreamIfNecessary([BII)I @ 203 c2
Event: 14817.107 Thread 0x00007f88f034d000 Uncommon trap: reason=unstable_if action=reinterpret pc=0x00007f89586e90bc method=com.mysql.jdbc.util.ReadAheadInputStream.read()I @ 12 c2
Event: 14818.796 Thread 0x00007f88f034d000 Uncommon trap: reason=unstable_if action=reinterpret pc=0x00007f89587cd304 method=com.example.repository.JdbcSqlRepository.getData(Ljava/lang/String;Lcom/example/web/Request;)Ljava/util/List; @ 75 c2
Event: 14818.797 Thread 0x00007f88f034d000 Uncommon trap: reason=unstable_if action=reinterpret pc=0x00007f8958605344 method=java.lang.ref.SoftReference.get()Ljava/lang/Object; @ 6 c2
Event: 14818.797 Thread 0x00007f88f034d000 Uncommon trap: reason=unstable_if action=reinterpret pc=0x00007f89585e6828 method=java.lang.ref.SoftReference.get()Ljava/lang/Object; @ 6 c2
Event: 14818.798 Thread 0x00007f88f034d000 Uncommon trap: reason=unstable_if action=reinterpret pc=0x00007f89584ca660 method=java.lang.ref.SoftReference.get()Ljava/lang/Object; @ 6 c2
Event: 14818.799 Thread 0x00007f88f034d000 Uncommon trap: reason=unstable_if action=reinterpret pc=0x00007f89587d460c method=sun.util.calendar.ZoneInfo.getOffsets(J[II)I @ 112 c2
Event: 14818.815 Thread 0x00007f88f034d000 Uncommon trap: reason=unstable_if action=reinterpret pc=0x00007f89587e1bf4 method=com.fasterxml.jackson.core.json.UTF8JsonGenerator._verifyValueWrite(Ljava/lang/String;)V @ 118 c2
Event: 14818.851 Thread 0x00007f88f034d000 Uncommon trap: reason=unstable_if action=reinterpret pc=0x00007f89587e298c method=com.fasterxml.jackson.core.json.UTF8JsonGenerator.writeFieldName(Ljava/lang/String;)V @ 158 c2

Classes redefined (0 events):
No events

Internal exceptions (10 events):
Event: 1591.813 Thread 0x00007f88f0acc800 Exception <a 'java/lang/ClassNotFoundException'{0x000000008b360748}: org/springframework/context/support/LiveBeansView> (0x000000008b360748) thrown at [/build/openjdk-lts-TkRlmw/openjdk-lts-11.0.3+7/src/hotspot/share/classfile/systemDictionary.cpp, line 2
Event: 5382.461 Thread 0x00007f88e838e000 Implicit null exception at 0x00007f89586ef9c8 to 0x00007f89586efbde
Event: 5383.461 Thread 0x00007f88e838e000 Implicit null exception at 0x00007f89586ef9c8 to 0x00007f89586efbde
Event: 5384.461 Thread 0x00007f88f0858800 Implicit null exception at 0x00007f89586ef9c8 to 0x00007f89586efbde
Event: 5385.461 Thread 0x00007f88f0858800 Implicit null exception at 0x00007f89586ef9c8 to 0x00007f89586efbde
Event: 11296.730 Thread 0x00007f88f034d000 Implicit null exception at 0x00007f89586939e6 to 0x00007f895869b81e
Event: 11363.215 Thread 0x00007f88f041d800 Exception <a 'java/net/ConnectException'{0x000000008cbc2138}> (0x000000008cbc2138) thrown at [/build/openjdk-lts-TkRlmw/openjdk-lts-11.0.3+7/src/hotspot/share/prims/jni.cpp, line 615]
Event: 14818.797 Thread 0x00007f88f034d000 Implicit null exception at 0x00007f8958604d5a to 0x00007f895860532a
Event: 14818.797 Thread 0x00007f88f034d000 Implicit null exception at 0x00007f89585e6455 to 0x00007f89585e6812
Event: 14818.799 Thread 0x00007f88f034d000 Implicit null exception at 0x00007f89587d42f4 to 0x00007f89587d45ee

Events (10 events):
Event: 14818.799 Thread 0x00007f88f034d000 Uncommon trap: trap_request=0xffffff4d fr.pc=0x00007f89587d460c relative=0x00000000000003cc
Event: 14818.799 Thread 0x00007f88f034d000 DEOPT PACKING pc=0x00007f89587d460c sp=0x00007f89058e8b20
Event: 14818.799 Thread 0x00007f88f034d000 DEOPT UNPACKING pc=0x00007f89509a6a25 sp=0x00007f89058e8af0 mode 2
Event: 14818.815 Thread 0x00007f88f034d000 Uncommon trap: trap_request=0xffffff4d fr.pc=0x00007f89587e1bf4 relative=0x0000000000000154
Event: 14818.815 Thread 0x00007f88f034d000 DEOPT PACKING pc=0x00007f89587e1bf4 sp=0x00007f89058e8de0
Event: 14818.815 Thread 0x00007f88f034d000 DEOPT UNPACKING pc=0x00007f89509a6a25 sp=0x00007f89058e8d80 mode 2
Event: 14818.851 Thread 0x00007f88f034d000 Uncommon trap: trap_request=0xffffff4d fr.pc=0x00007f89587e298c relative=0x000000000000068c
Event: 14818.851 Thread 0x00007f88f034d000 DEOPT PACKING pc=0x00007f89587e298c sp=0x00007f89058e8e80
Event: 14818.851 Thread 0x00007f88f034d000 DEOPT UNPACKING pc=0x00007f89509a6a25 sp=0x00007f89058e8de0 mode 2
Event: 14818.867 Executing VM operation: G1CollectForAllocation


Dynamic libraries:
85000000-95b00000 rw-p 00000000 00:00 0 
b7500000-ffe00000 ---p 00000000 00:00 0 
ffe00000-ffe35000 rw-p 0111e000 08:0b 2752979                            /usr/lib/jvm/java-11-openjdk-amd64/lib/server/classes.jsa
ffe35000-fff00000 rw-p 00000000 00:00 0 
fff00000-fff6a000 rw-p 010b4000 08:0b 2752979                            /usr/lib/jvm/java-11-openjdk-amd64/lib/server/classes.jsa
fff6a000-100000000 rw-p 00000000 00:00 0 
800000000-800002000 rwxp 00001000 08:0b 2752979                          /usr/lib/jvm/java-11-openjdk-amd64/lib/server/classes.jsa
800002000-8003bf000 rw-p 00003000 08:0b 2752979                          /usr/lib/jvm/java-11-openjdk-amd64/lib/server/classes.jsa
8003bf000-800a9c000 r--p 003c0000 08:0b 2752979                          /usr/lib/jvm/java-11-openjdk-amd64/lib/server/classes.jsa
800a9c000-800a9d000 rw-p 00a9d000 08:0b 2752979                          /usr/lib/jvm/java-11-openjdk-amd64/lib/server/classes.jsa
800a9d000-8010b3000 r--p 00a9e000 08:0b 2752979                          /usr/lib/jvm/java-11-openjdk-amd64/lib/server/classes.jsa
840000000-8405c0000 rw-p 00000000 00:00 0 
8405c0000-880000000 ---p 00000000 00:00 0 
560f74b00000-560f74b01000 r-xp 00000000 08:0b 2497649                    /usr/lib/jvm/java-11-openjdk-amd64/bin/java
560f74d01000-560f74d02000 r--p 00001000 08:0b 2497649                    /usr/lib/jvm/java-11-openjdk-amd64/bin/java
560f74d02000-560f74d03000 rw-p 00002000 08:0b 2497649                    /usr/lib/jvm/java-11-openjdk-amd64/bin/java
560f75c9d000-560f75d7f000 rw-p 00000000 00:00 0                          [heap]
7f88c8000000-7f88c80ed000 rw-p 00000000 00:00 0 
7f88c80ed000-7f88cc000000 ---p 00000000 00:00 0 
7f88d0000000-7f88d048b000 rw-p 00000000 00:00 0 
7f88d048b000-7f88d4000000 ---p 00000000 00:00 0 
7f88d4000000-7f88d40fd000 rw-p 00000000 00:00 0 
7f88d40fd000-7f88d8000000 ---p 00000000 00:00 0 
7f88d8000000-7f88d80f0000 rw-p 00000000 00:00 0 
7f88d80f0000-7f88dc000000 ---p 00000000 00:00 0 
7f88dc000000-7f88dc0af000 rw-p 00000000 00:00 0 
7f88dc0af000-7f88e0000000 ---p 00000000 00:00 0 
7f88e0000000-7f88e0021000 rw-p 00000000 00:00 0 
7f88e0021000-7f88e4000000 ---p 00000000 00:00 0 
7f88e4000000-7f88e40a2000 rw-p 00000000 00:00 0 
7f88e40a2000-7f88e8000000 ---p 00000000 00:00 0 
7f88e8000000-7f88e83fa000 rw-p 00000000 00:00 0 
7f88e83fa000-7f88ec000000 ---p 00000000 00:00 0 
7f88ec000000-7f88ec042000 rw-p 00000000 00:00 0 
7f88ec042000-7f88f0000000 ---p 00000000 00:00 0 
7f88f0000000-7f88f0b95000 rw-p 00000000 00:00 0 
7f88f0b95000-7f88f4000000 ---p 00000000 00:00 0 
7f88f4000000-7f88f55bc000 rw-p 00000000 00:00 0 
7f88f55bc000-7f88f8000000 ---p 00000000 00:00 0 
7f88f8000000-7f88f8021000 rw-p 00000000 00:00 0 
7f88f8021000-7f88fc000000 ---p 00000000 00:00 0 
7f88fc000000-7f88fc021000 rw-p 00000000 00:00 0 
7f88fc021000-7f8900000000 ---p 00000000 00:00 0 
7f8900000000-7f8900048000 rw-p 00000000 00:00 0 
7f8900048000-7f8904000000 ---p 00000000 00:00 0 
7f89041dc000-7f89041dd000 ---p 00000000 00:00 0 
7f89041dd000-7f89042de000 rw-p 00000000 00:00 0 
7f89042de000-7f89042df000 ---p 00000000 00:00 0 
7f89042df000-7f89045a0000 rw-p 00000000 00:00 0 
7f89045a0000-7f89045e0000 ---p 00000000 00:00 0 
7f89045e0000-7f89045e4000 ---p 00000000 00:00 0 
7f89045e4000-7f89046e1000 rw-p 00000000 00:00 0 
7f89046e1000-7f89046e5000 ---p 00000000 00:00 0 
7f89046e5000-7f89047e2000 rw-p 00000000 00:00 0 
7f89047e2000-7f89047e6000 ---p 00000000 00:00 0 
7f89047e6000-7f8904ae3000 rw-p 00000000 00:00 0 
7f8904ae3000-7f8904ce3000 rw-p 00000000 00:00 0 
7f8904ce3000-7f8904ee3000 rw-p 00000000 00:00 0 
7f8904ee3000-7f8904ee7000 ---p 00000000 00:00 0 
7f8904ee7000-7f8904fe4000 rw-p 00000000 00:00 0 
7f8904fe4000-7f8904fe8000 ---p 00000000 00:00 0 
7f8904fe8000-7f89050e5000 rw-p 00000000 00:00 0 
7f89050e5000-7f89050e9000 ---p 00000000 00:00 0 
7f89050e9000-7f89051e6000 rw-p 00000000 00:00 0 
7f89051e6000-7f89051ea000 ---p 00000000 00:00 0 
7f89051ea000-7f89052e7000 rw-p 00000000 00:00 0 
7f89052e7000-7f89052eb000 ---p 00000000 00:00 0 
7f89052eb000-7f89053e8000 rw-p 00000000 00:00 0 
7f89053e8000-7f89053ec000 ---p 00000000 00:00 0 
7f89053ec000-7f89054e9000 rw-p 00000000 00:00 0 
7f89054e9000-7f89054ed000 ---p 00000000 00:00 0 
7f89054ed000-7f89055ea000 rw-p 00000000 00:00 0 
7f89055ea000-7f89055ee000 ---p 00000000 00:00 0 
7f89055ee000-7f89056eb000 rw-p 00000000 00:00 0 
7f89056eb000-7f89056ef000 ---p 00000000 00:00 0 
7f89056ef000-7f89057ec000 rw-p 00000000 00:00 0 
7f89057ec000-7f89057f0000 ---p 00000000 00:00 0 
7f89057f0000-7f89058ed000 rw-p 00000000 00:00 0 
7f89058ed000-7f89058f1000 ---p 00000000 00:00 0 
7f89058f1000-7f89059ee000 rw-p 00000000 00:00 0 
7f89059ee000-7f89059f2000 ---p 00000000 00:00 0 
7f89059f2000-7f8905aef000 rw-p 00000000 00:00 0 
7f8905aef000-7f8905af3000 ---p 00000000 00:00 0 
7f8905af3000-7f8905dd8000 rw-p 00000000 00:00 0 
7f8905dd8000-7f8905df0000 ---p 00000000 00:00 0 
7f8905df0000-7f8905df4000 ---p 00000000 00:00 0 
7f8905df4000-7f8905ef1000 rw-p 00000000 00:00 0 
7f8905ef1000-7f8905ef3000 r-xp 00000000 08:0b 2752924                    /usr/lib/jvm/java-11-openjdk-amd64/lib/libextnet.so
7f8905ef3000-7f89060f2000 ---p 00002000 08:0b 2752924                    /usr/lib/jvm/java-11-openjdk-amd64/lib/libextnet.so
7f89060f2000-7f89060f3000 r--p 00001000 08:0b 2752924                    /usr/lib/jvm/java-11-openjdk-amd64/lib/libextnet.so
7f89060f3000-7f89060f4000 rw-p 00002000 08:0b 2752924                    /usr/lib/jvm/java-11-openjdk-amd64/lib/libextnet.so
7f89060f4000-7f89062f4000 rw-p 00000000 00:00 0 
7f89062f4000-7f89064f4000 rw-p 00000000 00:00 0 
7f89064f4000-7f89064f8000 ---p 00000000 00:00 0 
7f89064f8000-7f89065f5000 rw-p 00000000 00:00 0 
7f89065f5000-7f89065f9000 ---p 00000000 00:00 0 
7f89065f9000-7f89068f6000 rw-p 00000000 00:00 0 
7f89068f6000-7f8906af6000 rw-p 00000000 00:00 0 
7f8906af6000-7f8906cf6000 rw-p 00000000 00:00 0 
7f8906cf6000-7f8906ef6000 rw-p 00000000 00:00 0 
7f8906ef6000-7f89070e2000 rw-p 00000000 00:00 0 
7f89070e2000-7f89070f6000 ---p 00000000 00:00 0 
7f89070f6000-7f89072f6000 rw-p 00000000 00:00 0 
7f89072f6000-7f89074f6000 rw-p 00000000 00:00 0 
7f89074f6000-7f89076f6000 rw-p 00000000 00:00 0 
7f89076f6000-7f89078f6000 rw-p 00000000 00:00 0 
7f89078f6000-7f89078f7000 ---p 00000000 00:00 0 
7f89078f7000-7f89079f8000 rw-p 00000000 00:00 0 
7f89079f8000-7f89079fc000 ---p 00000000 00:00 0 
7f89079fc000-7f8907af9000 rw-p 00000000 00:00 0 
7f8907af9000-7f8907afd000 ---p 00000000 00:00 0 
7f8907afd000-7f8907bfa000 rw-p 00000000 00:00 0 
7f8907bfa000-7f8907bfe000 ---p 00000000 00:00 0 
7f8907bfe000-7f8907cfb000 rw-p 00000000 00:00 0 
7f8907cfb000-7f8907cff000 ---p 00000000 00:00 0 
7f8907cff000-7f8907dfc000 rw-p 00000000 00:00 0 
7f8907dfc000-7f8907dfd000 ---p 00000000 00:00 0 
7f8907dfd000-7f8907efe000 rw-p 00000000 00:00 0 
7f8907efe000-7f8907eff000 ---p 00000000 00:00 0 
7f8907eff000-7f8908000000 rw-p 00000000 00:00 0 
7f8908000000-7f8908021000 rw-p 00000000 00:00 0 
7f8908021000-7f890c000000 ---p 00000000 00:00 0 
7f890c000000-7f890c02c000 rw-p 00000000 00:00 0 
7f890c02c000-7f8910000000 ---p 00000000 00:00 0 
7f8910000000-7f8910021000 rw-p 00000000 00:00 0 
7f8910021000-7f8914000000 ---p 00000000 00:00 0 
7f8914000000-7f8914021000 rw-p 00000000 00:00 0 
7f8914021000-7f8918000000 ---p 00000000 00:00 0 
7f8918000000-7f8918e0d000 rw-p 00000000 00:00 0 
7f8918e0d000-7f891c000000 ---p 00000000 00:00 0 
7f891c000000-7f891c189000 rw-p 00000000 00:00 0 
7f891c189000-7f8920000000 ---p 00000000 00:00 0 
7f8920000000-7f8920021000 rw-p 00000000 00:00 0 
7f8920021000-7f8924000000 ---p 00000000 00:00 0 
7f8924000000-7f8925e09000 rw-p 00000000 00:00 0 
7f8925e09000-7f8928000000 ---p 00000000 00:00 0 
7f8928000000-7f8928021000 rw-p 00000000 00:00 0 
7f8928021000-7f892c000000 ---p 00000000 00:00 0 
7f892c000000-7f892c021000 rw-p 00000000 00:00 0 
7f892c021000-7f8930000000 ---p 00000000 00:00 0 
7f8930000000-7f8930021000 rw-p 00000000 00:00 0 
7f8930021000-7f8934000000 ---p 00000000 00:00 0 
7f8934000000-7f89341c4000 rw-p 00000000 00:00 0 
7f89341c4000-7f8938000000 ---p 00000000 00:00 0 
7f8938000000-7f8938021000 rw-p 00000000 00:00 0 
7f8938021000-7f893c000000 ---p 00000000 00:00 0 
7f893c000000-7f893c026000 rw-p 00000000 00:00 0 
7f893c026000-7f8940000000 ---p 00000000 00:00 0 
7f89400df000-7f89400e0000 ---p 00000000 00:00 0 
7f89400e0000-7f89401e1000 rw-p 00000000 00:00 0 
7f89401e1000-7f89401e6000 r-xp 00000000 08:0b 2752941                    /usr/lib/jvm/java-11-openjdk-amd64/lib/libmanagement_ext.so
7f89401e6000-7f89403e5000 ---p 00005000 08:0b 2752941                    /usr/lib/jvm/java-11-openjdk-amd64/lib/libmanagement_ext.so
7f89403e5000-7f89403e6000 r--p 00004000 08:0b 2752941                    /usr/lib/jvm/java-11-openjdk-amd64/lib/libmanagement_ext.so
7f89403e6000-7f89403e7000 rw-p 00005000 08:0b 2752941                    /usr/lib/jvm/java-11-openjdk-amd64/lib/libmanagement_ext.so
7f89403e7000-7f89403eb000 r-xp 00000000 08:0b 2752939                    /usr/lib/jvm/java-11-openjdk-amd64/lib/libmanagement.so
7f89403eb000-7f89405ea000 ---p 00004000 08:0b 2752939                    /usr/lib/jvm/java-11-openjdk-amd64/lib/libmanagement.so
7f89405ea000-7f89405eb000 r--p 00003000 08:0b 2752939                    /usr/lib/jvm/java-11-openjdk-amd64/lib/libmanagement.so
7f89405eb000-7f89405ec000 rw-p 00004000 08:0b 2752939                    /usr/lib/jvm/java-11-openjdk-amd64/lib/libmanagement.so
7f89405ec000-7f8940602000 r-xp 00000000 08:0b 2752943                    /usr/lib/jvm/java-11-openjdk-amd64/lib/libnet.so
7f8940602000-7f8940801000 ---p 00016000 08:0b 2752943                    /usr/lib/jvm/java-11-openjdk-amd64/lib/libnet.so
7f8940801000-7f8940802000 r--p 00015000 08:0b 2752943                    /usr/lib/jvm/java-11-openjdk-amd64/lib/libnet.so
7f8940802000-7f8940803000 rw-p 00016000 08:0b 2752943                    /usr/lib/jvm/java-11-openjdk-amd64/lib/libnet.so
7f8940803000-7f8940813000 r-xp 00000000 08:0b 2752944                    /usr/lib/jvm/java-11-openjdk-amd64/lib/libnio.so
7f8940813000-7f8940a12000 ---p 00010000 08:0b 2752944                    /usr/lib/jvm/java-11-openjdk-amd64/lib/libnio.so
7f8940a12000-7f8940a13000 r--p 0000f000 08:0b 2752944                    /usr/lib/jvm/java-11-openjdk-amd64/lib/libnio.so
7f8940a13000-7f8940a14000 rw-p 00010000 08:0b 2752944                    /usr/lib/jvm/java-11-openjdk-amd64/lib/libnio.so
7f8940a14000-7f8940a18000 ---p 00000000 00:00 0 
7f8940a18000-7f8940b15000 rw-p 00000000 00:00 0 
7f8940b15000-7f8940b16000 ---p 00000000 00:00 0 
7f8940b16000-7f8940c17000 rw-p 00000000 00:00 0 
7f8940c17000-7f8940c1b000 ---p 00000000 00:00 0 
7f8940c1b000-7f8940d18000 rw-p 00000000 00:00 0 
7f8940d18000-7f8940d1c000 ---p 00000000 00:00 0 
7f8940d1c000-7f8940e19000 rw-p 00000000 00:00 0 
7f8940e19000-7f8940e1d000 ---p 00000000 00:00 0 
7f8940e1d000-7f8940f1a000 rw-p 00000000 00:00 0 
7f8940f1a000-7f8940f1e000 ---p 00000000 00:00 0 
7f8940f1e000-7f894101b000 rw-p 00000000 00:00 0 
7f894101b000-7f894101f000 ---p 00000000 00:00 0 
7f894101f000-7f894111c000 rw-p 00000000 00:00 0 
7f894111c000-7f89413fa000 r--p 00000000 08:0b 2494772                    /usr/lib/locale/locale-archive
7f89413fa000-7f89413fe000 ---p 00000000 00:00 0 
7f89413fe000-7f89414fb000 rw-p 00000000 00:00 0 
7f89414fb000-7f89414ff000 ---p 00000000 00:00 0 
7f89414ff000-7f89415fc000 rw-p 00000000 00:00 0 
7f89415fc000-7f89415fd000 ---p 00000000 00:00 0 
7f89415fd000-7f8941efe000 rw-p 00000000 00:00 0 
7f8941efe000-7f8941eff000 ---p 00000000 00:00 0 
7f8941eff000-7f8944000000 rw-p 00000000 00:00 0 
7f8944000000-7f8944021000 rw-p 00000000 00:00 0 
7f8944021000-7f8948000000 ---p 00000000 00:00 0 
7f894807d000-7f894807e000 ---p 00000000 00:00 0 
7f894807e000-7f89486ac000 rw-p 00000000 00:00 0 
7f89486ac000-7f894a138000 ---p 00000000 00:00 0 
7f894a138000-7f894a56c000 rw-p 00000000 00:00 0 
7f894a56c000-7f894bff8000 ---p 00000000 00:00 0 
7f894bff8000-7f894c000000 rw-p 00000000 00:00 0 
7f894c000000-7f894c03e000 rw-p 00000000 00:00 0 
7f894c03e000-7f8950000000 ---p 00000000 00:00 0 
7f895001e000-7f89503a2000 rw-p 00000000 00:00 0 
7f89503a2000-7f89503a3000 ---p 00000000 00:00 0 
7f89503a3000-7f89504a4000 rw-p 00000000 00:00 0 
7f89504a4000-7f89504a5000 ---p 00000000 00:00 0 
7f89504a5000-7f895062c000 rw-p 00000000 00:00 0 
7f895062c000-7f895097d000 ---p 00000000 00:00 0 
7f895097d000-7f895097e000 rw-p 00000000 00:00 0 
7f895097e000-7f8950bee000 rwxp 00000000 00:00 0 
7f8950bee000-7f8950f0e000 ---p 00000000 00:00 0 
7f8950f0e000-7f8951dee000 rwxp 00000000 00:00 0 
7f8951dee000-7f8958446000 ---p 00000000 00:00 0 
7f8958446000-7f89587e6000 rwxp 00000000 00:00 0 
7f89587e6000-7f895f97e000 ---p 00000000 00:00 0 
7f895f97e000-7f8968000000 r--s 00000000 08:0b 2752953                    /usr/lib/jvm/java-11-openjdk-amd64/lib/modules
7f8968000000-7f8968628000 rw-p 00000000 00:00 0 
7f8968628000-7f896c000000 ---p 00000000 00:00 0 
7f896c03a000-7f896c14c000 rw-p 00000000 00:00 0 
7f896c14c000-7f896c49d000 ---p 00000000 00:00 0 
7f896c49d000-7f896c524000 rw-p 00000000 00:00 0 
7f896c524000-7f896c875000 ---p 00000000 00:00 0 
7f896c875000-7f896cc7a000 rw-p 00000000 00:00 0 
7f896cc7a000-7f896cc7b000 ---p 00000000 00:00 0 
7f896cc7b000-7f896cd84000 rw-p 00000000 00:00 0 
7f896cd84000-7f896ce67000 ---p 00000000 00:00 0 
7f896ce67000-7f896ce85000 rw-p 00000000 00:00 0 
7f896ce85000-7f896cf52000 ---p 00000000 00:00 0 
7f896cf52000-7f896cf57000 r-xp 00000000 08:0b 2752935                    /usr/lib/jvm/java-11-openjdk-amd64/lib/libjimage.so
7f896cf57000-7f896d156000 ---p 00005000 08:0b 2752935                    /usr/lib/jvm/java-11-openjdk-amd64/lib/libjimage.so
7f896d156000-7f896d157000 r--p 00004000 08:0b 2752935                    /usr/lib/jvm/java-11-openjdk-amd64/lib/libjimage.so
7f896d157000-7f896d158000 rw-p 00005000 08:0b 2752935                    /usr/lib/jvm/java-11-openjdk-amd64/lib/libjimage.so
7f896d158000-7f896d15f000 r-xp 00000000 08:0b 2752952                    /usr/lib/jvm/java-11-openjdk-amd64/lib/libzip.so
7f896d15f000-7f896d35e000 ---p 00007000 08:0b 2752952                    /usr/lib/jvm/java-11-openjdk-amd64/lib/libzip.so
7f896d35e000-7f896d35f000 r--p 00006000 08:0b 2752952                    /usr/lib/jvm/java-11-openjdk-amd64/lib/libzip.so
7f896d35f000-7f896d360000 rw-p 00007000 08:0b 2752952                    /usr/lib/jvm/java-11-openjdk-amd64/lib/libzip.so
7f896d360000-7f896d36b000 r-xp 00000000 08:0b 423879                     /lib/x86_64-linux-gnu/libnss_files-2.27.so
7f896d36b000-7f896d56a000 ---p 0000b000 08:0b 423879                     /lib/x86_64-linux-gnu/libnss_files-2.27.so
7f896d56a000-7f896d56b000 r--p 0000a000 08:0b 423879                     /lib/x86_64-linux-gnu/libnss_files-2.27.so
7f896d56b000-7f896d56c000 rw-p 0000b000 08:0b 423879                     /lib/x86_64-linux-gnu/libnss_files-2.27.so
7f896d56c000-7f896d572000 rw-p 00000000 00:00 0 
7f896d572000-7f896d589000 r-xp 00000000 08:0b 423876                     /lib/x86_64-linux-gnu/libnsl-2.27.so
7f896d589000-7f896d788000 ---p 00017000 08:0b 423876                     /lib/x86_64-linux-gnu/libnsl-2.27.so
7f896d788000-7f896d789000 r--p 00016000 08:0b 423876                     /lib/x86_64-linux-gnu/libnsl-2.27.so
7f896d789000-7f896d78a000 rw-p 00017000 08:0b 423876                     /lib/x86_64-linux-gnu/libnsl-2.27.so
7f896d78a000-7f896d78c000 rw-p 00000000 00:00 0 
7f896d78c000-7f896d797000 r-xp 00000000 08:0b 423881                     /lib/x86_64-linux-gnu/libnss_nis-2.27.so
7f896d797000-7f896d996000 ---p 0000b000 08:0b 423881                     /lib/x86_64-linux-gnu/libnss_nis-2.27.so
7f896d996000-7f896d997000 r--p 0000a000 08:0b 423881                     /lib/x86_64-linux-gnu/libnss_nis-2.27.so
7f896d997000-7f896d998000 rw-p 0000b000 08:0b 423881                     /lib/x86_64-linux-gnu/libnss_nis-2.27.so
7f896d998000-7f896d9a0000 r-xp 00000000 08:0b 423877                     /lib/x86_64-linux-gnu/libnss_compat-2.27.so
7f896d9a0000-7f896dba0000 ---p 00008000 08:0b 423877                     /lib/x86_64-linux-gnu/libnss_compat-2.27.so
7f896dba0000-7f896dba1000 r--p 00008000 08:0b 423877                     /lib/x86_64-linux-gnu/libnss_compat-2.27.so
7f896dba1000-7f896dba2000 rw-p 00009000 08:0b 423877                     /lib/x86_64-linux-gnu/libnss_compat-2.27.so
7f896dba2000-7f896dbcb000 r-xp 00000000 08:0b 2752931                    /usr/lib/jvm/java-11-openjdk-amd64/lib/libjava.so
7f896dbcb000-7f896ddca000 ---p 00029000 08:0b 2752931                    /usr/lib/jvm/java-11-openjdk-amd64/lib/libjava.so
7f896ddca000-7f896ddcb000 r--p 00028000 08:0b 2752931                    /usr/lib/jvm/java-11-openjdk-amd64/lib/libjava.so
7f896ddcb000-7f896ddcd000 rw-p 00029000 08:0b 2752931                    /usr/lib/jvm/java-11-openjdk-amd64/lib/libjava.so
7f896ddcd000-7f896ddda000 r-xp 00000000 08:0b 2752951                    /usr/lib/jvm/java-11-openjdk-amd64/lib/libverify.so
7f896ddda000-7f896dfd9000 ---p 0000d000 08:0b 2752951                    /usr/lib/jvm/java-11-openjdk-amd64/lib/libverify.so
7f896dfd9000-7f896dfdb000 r--p 0000c000 08:0b 2752951                    /usr/lib/jvm/java-11-openjdk-amd64/lib/libverify.so
7f896dfdb000-7f896dfdc000 rw-p 0000e000 08:0b 2752951                    /usr/lib/jvm/java-11-openjdk-amd64/lib/libverify.so
7f896dfdc000-7f896dfe3000 r-xp 00000000 08:0b 423886                     /lib/x86_64-linux-gnu/librt-2.27.so
7f896dfe3000-7f896e1e2000 ---p 00007000 08:0b 423886                     /lib/x86_64-linux-gnu/librt-2.27.so
7f896e1e2000-7f896e1e3000 r--p 00006000 08:0b 423886                     /lib/x86_64-linux-gnu/librt-2.27.so
7f896e1e3000-7f896e1e4000 rw-p 00007000 08:0b 423886                     /lib/x86_64-linux-gnu/librt-2.27.so
7f896e1e4000-7f896e1fb000 r-xp 00000000 08:0b 398145                     /lib/x86_64-linux-gnu/libgcc_s.so.1
7f896e1fb000-7f896e3fa000 ---p 00017000 08:0b 398145                     /lib/x86_64-linux-gnu/libgcc_s.so.1
7f896e3fa000-7f896e3fb000 r--p 00016000 08:0b 398145                     /lib/x86_64-linux-gnu/libgcc_s.so.1
7f896e3fb000-7f896e3fc000 rw-p 00017000 08:0b 398145                     /lib/x86_64-linux-gnu/libgcc_s.so.1
7f896e3fc000-7f896e599000 r-xp 00000000 08:0b 423873                     /lib/x86_64-linux-gnu/libm-2.27.so
7f896e599000-7f896e798000 ---p 0019d000 08:0b 423873                     /lib/x86_64-linux-gnu/libm-2.27.so
7f896e798000-7f896e799000 r--p 0019c000 08:0b 423873                     /lib/x86_64-linux-gnu/libm-2.27.so
7f896e799000-7f896e79a000 rw-p 0019d000 08:0b 423873                     /lib/x86_64-linux-gnu/libm-2.27.so
7f896e79a000-7f896e913000 r-xp 00000000 08:0b 2500360                    /usr/lib/x86_64-linux-gnu/libstdc++.so.6.0.25
7f896e913000-7f896eb13000 ---p 00179000 08:0b 2500360                    /usr/lib/x86_64-linux-gnu/libstdc++.so.6.0.25
7f896eb13000-7f896eb1d000 r--p 00179000 08:0b 2500360                    /usr/lib/x86_64-linux-gnu/libstdc++.so.6.0.25
7f896eb1d000-7f896eb1f000 rw-p 00183000 08:0b 2500360                    /usr/lib/x86_64-linux-gnu/libstdc++.so.6.0.25
7f896eb1f000-7f896eb23000 rw-p 00000000 00:00 0 
7f896eb23000-7f896fbeb000 r-xp 00000000 08:0b 2752957                    /usr/lib/jvm/java-11-openjdk-amd64/lib/server/libjvm.so
7f896fbeb000-7f896fdeb000 ---p 010c8000 08:0b 2752957                    /usr/lib/jvm/java-11-openjdk-amd64/lib/server/libjvm.so
7f896fdeb000-7f896fea8000 r--p 010c8000 08:0b 2752957                    /usr/lib/jvm/java-11-openjdk-amd64/lib/server/libjvm.so
7f896fea8000-7f896fee1000 rw-p 01185000 08:0b 2752957                    /usr/lib/jvm/java-11-openjdk-amd64/lib/server/libjvm.so
7f896fee1000-7f896ff37000 rw-p 00000000 00:00 0 
7f896ff37000-7f896ff51000 r-xp 00000000 08:0b 423884                     /lib/x86_64-linux-gnu/libpthread-2.27.so
7f896ff51000-7f8970150000 ---p 0001a000 08:0b 423884                     /lib/x86_64-linux-gnu/libpthread-2.27.so
7f8970150000-7f8970151000 r--p 00019000 08:0b 423884                     /lib/x86_64-linux-gnu/libpthread-2.27.so
7f8970151000-7f8970152000 rw-p 0001a000 08:0b 423884                     /lib/x86_64-linux-gnu/libpthread-2.27.so
7f8970152000-7f8970156000 rw-p 00000000 00:00 0 
7f8970156000-7f8970159000 r-xp 00000000 08:0b 423872                     /lib/x86_64-linux-gnu/libdl-2.27.so
7f8970159000-7f8970358000 ---p 00003000 08:0b 423872                     /lib/x86_64-linux-gnu/libdl-2.27.so
7f8970358000-7f8970359000 r--p 00002000 08:0b 423872                     /lib/x86_64-linux-gnu/libdl-2.27.so
7f8970359000-7f897035a000 rw-p 00003000 08:0b 423872                     /lib/x86_64-linux-gnu/libdl-2.27.so
7f897035a000-7f8970376000 r-xp 00000000 08:0b 417965                     /lib/x86_64-linux-gnu/libz.so.1.2.11
7f8970376000-7f8970575000 ---p 0001c000 08:0b 417965                     /lib/x86_64-linux-gnu/libz.so.1.2.11
7f8970575000-7f8970576000 r--p 0001b000 08:0b 417965                     /lib/x86_64-linux-gnu/libz.so.1.2.11
7f8970576000-7f8970577000 rw-p 0001c000 08:0b 417965                     /lib/x86_64-linux-gnu/libz.so.1.2.11
7f8970577000-7f897075e000 r-xp 00000000 08:0b 423869                     /lib/x86_64-linux-gnu/libc-2.27.so
7f897075e000-7f897095e000 ---p 001e7000 08:0b 423869                     /lib/x86_64-linux-gnu/libc-2.27.so
7f897095e000-7f8970962000 r--p 001e7000 08:0b 423869                     /lib/x86_64-linux-gnu/libc-2.27.so
7f8970962000-7f8970964000 rw-p 001eb000 08:0b 423869                     /lib/x86_64-linux-gnu/libc-2.27.so
7f8970964000-7f8970968000 rw-p 00000000 00:00 0 
7f8970968000-7f8970977000 r-xp 00000000 08:0b 2752916                    /usr/lib/jvm/java-11-openjdk-amd64/lib/jli/libjli.so
7f8970977000-7f8970b77000 ---p 0000f000 08:0b 2752916                    /usr/lib/jvm/java-11-openjdk-amd64/lib/jli/libjli.so
7f8970b77000-7f8970b78000 r--p 0000f000 08:0b 2752916                    /usr/lib/jvm/java-11-openjdk-amd64/lib/jli/libjli.so
7f8970b78000-7f8970b79000 rw-p 00010000 08:0b 2752916                    /usr/lib/jvm/java-11-openjdk-amd64/lib/jli/libjli.so
7f8970b79000-7f8970ba0000 r-xp 00000000 08:0b 397959                     /lib/x86_64-linux-gnu/ld-2.27.so
7f8970bcc000-7f8970c57000 rw-p 00000000 00:00 0 
7f8970c57000-7f8970c5b000 ---p 00000000 00:00 0 
7f8970c5b000-7f8970d5a000 rw-p 00000000 00:00 0 
7f8970d65000-7f8970d8b000 rw-p 00000000 00:00 0 
7f8970d8b000-7f8970d92000 ---p 00000000 00:00 0 
7f8970d92000-7f8970d94000 r--s 00007000 08:0b 3023086                    /usr/share/java/java-atk-wrapper.jar
7f8970d94000-7f8970d9c000 rw-s 00000000 08:0b 2246694                    /tmp/hsperfdata_rishi/3328
7f8970d9c000-7f8970d9d000 ---p 00000000 00:00 0 
7f8970d9d000-7f8970d9e000 r--p 00000000 00:00 0 
7f8970d9e000-7f8970da0000 rw-p 00000000 00:00 0 
7f8970da0000-7f8970da1000 r--p 00027000 08:0b 397959                     /lib/x86_64-linux-gnu/ld-2.27.so
7f8970da1000-7f8970da2000 rw-p 00028000 08:0b 397959                     /lib/x86_64-linux-gnu/ld-2.27.so
7f8970da2000-7f8970da3000 rw-p 00000000 00:00 0 
7ffc58b14000-7ffc58b36000 rw-p 00000000 00:00 0                          [stack]
7ffc58b78000-7ffc58b7b000 r--p 00000000 00:00 0                          [vvar]
7ffc58b7b000-7ffc58b7d000 r-xp 00000000 00:00 0                          [vdso]
ffffffffff600000-ffffffffff601000 r-xp 00000000 00:00 0                  [vsyscall]


VM Arguments:
jvm_args: -Dfile.encoding=UTF-8 
java_command: com.example.NucleusApplication
java_class_path (initial): /home/rishi/Desktop/Nucleus/sql/target/classes:/home/rishi/.m2/repository/org/springframework/boot/spring-boot-starter-web/2.1.6.RELEASE/spring-boot-starter-web-2.1.6.RELEASE.jar:/home/rishi/.m2/repository/org/springframework/boot/spring-boot-starter/2.1.6.RELEASE/spring-boot-starter-2.1.6.RELEASE.jar:/home/rishi/.m2/repository/org/springframework/boot/spring-boot-starter-logging/2.1.6.RELEASE/spring-boot-starter-logging-2.1.6.RELEASE.jar:/home/rishi/.m2/repository/ch/qos/logback/logback-classic/1.2.3/logback-classic-1.2.3.jar:/home/rishi/.m2/repository/ch/qos/logback/logback-core/1.2.3/logback-core-1.2.3.jar:/home/rishi/.m2/repository/org/apache/logging/log4j/log4j-to-slf4j/2.11.2/log4j-to-slf4j-2.11.2.jar:/home/rishi/.m2/repository/org/apache/logging/log4j/log4j-api/2.11.2/log4j-api-2.11.2.jar:/home/rishi/.m2/repository/org/slf4j/jul-to-slf4j/1.7.26/jul-to-slf4j-1.7.26.jar:/home/rishi/.m2/repository/javax/annotation/javax.annotation-api/1.3.2/javax.annotation-api-1.3.2.jar:/home/rishi/.m2/repository/org/yaml/snakeyaml/1.23/snakeyaml-1.23.jar:/home/rishi/.m2/repository/org/springframework/boot/spring-boot-starter-json/2.1.6.RELEASE/spring-boot-starter-json-2.1.6.RELEASE.jar:/home/rishi/.m2/repository/com/fasterxml/jackson/core/jackson-databind/2.9.9/jackson-databind-2.9.9.jar:/home/rishi/.m2/repository/com/fasterxml/jackson/core/jackson-core/2.9.9/jackson-core-2.9.9.jar:/home/rishi/.m2/repository/com/fasterxml/jackson/datatype/jackson-datatype-jdk8/2.9.9/jackson-datatype-jdk8-2.9.9.jar:/home/rishi/.m2/repository/com/fasterxml/jackson/datatype/jackson-datatype-jsr310/2.9.9/jackson-datatype-jsr310-2.9.9.jar:/home/rishi/.m2/repository/com/fasterxml/jackson/module/jackson-module-parameter-names/2.9.9/jackson-module-parameter-names-2.9.9.jar:/home/rishi/.m2/repository/org/springframework/boot/spring-boot-starter-tomcat/2.1.6.RELEASE/spring-boot-starter-tomcat-2.1.6.RELEASE.jar:/home/rishi/.m2/repository/org/apache/tomcat/embed/tomcat-embed-c
Launcher Type: SUN_STANDARD

[Global flags]
     intx CICompilerCount                          = 3                                         {product} {ergonomic}
     uint ConcGCThreads                            = 1                                         {product} {ergonomic}
     uint G1ConcRefinementThreads                  = 4                                         {product} {ergonomic}
   size_t G1HeapRegionSize                         = 1048576                                   {product} {ergonomic}
    uintx GCDrainStackTargetSize                   = 64                                        {product} {ergonomic}
   size_t InitialHeapSize                          = 130023424                                 {product} {ergonomic}
   size_t MarkStackSize                            = 4194304                                   {product} {ergonomic}
   size_t MaxHeapSize                              = 2063597568                                {product} {ergonomic}
   size_t MaxNewSize                               = 1237319680                                {product} {ergonomic}
   size_t MinHeapDeltaBytes                        = 1048576                                   {product} {ergonomic}
    uintx NonNMethodCodeHeapSize                   = 5830092                                {pd product} {ergonomic}
    uintx NonProfiledCodeHeapSize                  = 122914074                              {pd product} {ergonomic}
    uintx ProfiledCodeHeapSize                     = 122914074                              {pd product} {ergonomic}
    uintx ReservedCodeCacheSize                    = 251658240                              {pd product} {ergonomic}
     bool SegmentedCodeCache                       = true                                      {product} {ergonomic}
     bool UseCompressedClassPointers               = true                                 {lp64_product} {ergonomic}
     bool UseCompressedOops                        = true                                 {lp64_product} {ergonomic}
     bool UseG1GC                                  = true                                      {product} {ergonomic}

Logging:
Log output configuration:
 #0: stdout all=warning uptime,level,tags
 #1: stderr all=off uptime,level,tags

Environment Variables:
PATH=/home/rishi/bin:/home/rishi/.local/bin:/usr/local/sbin:/usr/local/bin:/usr/sbin:/usr/bin:/sbin:/bin:/usr/games:/usr/local/games:/usr/local/cuda/bi:/snap/bin
USERNAME=rishi
SHELL=/bin/bash
DISPLAY=:0

Signal Handlers:
SIGSEGV: [libjvm.so+0xde2f90], sa_mask[0]=11111111011111111101111111111110, sa_flags=SA_RESTART|SA_SIGINFO
SIGBUS: [libjvm.so+0xde2f90], sa_mask[0]=11111111011111111101111111111110, sa_flags=SA_RESTART|SA_SIGINFO
SIGFPE: [libjvm.so+0xde2f90], sa_mask[0]=11111111011111111101111111111110, sa_flags=SA_RESTART|SA_SIGINFO
SIGPIPE: [libjvm.so+0xbb85d0], sa_mask[0]=11111111011111111101111111111110, sa_flags=SA_RESTART|SA_SIGINFO
SIGXFSZ: [libjvm.so+0xbb85d0], sa_mask[0]=11111111011111111101111111111110, sa_flags=SA_RESTART|SA_SIGINFO
SIGILL: [libjvm.so+0xde2f90], sa_mask[0]=11111111011111111101111111111110, sa_flags=SA_RESTART|SA_SIGINFO
SIGUSR2: [libjvm.so+0xbb8470], sa_mask[0]=00100000000000000000000000000000, sa_flags=SA_RESTART|SA_SIGINFO
SIGHUP: [libjvm.so+0xbb87d0], sa_mask[0]=11111111011111111101111111111110, sa_flags=SA_RESTART|SA_SIGINFO
SIGINT: [libjvm.so+0xbb87d0], sa_mask[0]=11111111011111111101111111111110, sa_flags=SA_RESTART|SA_SIGINFO
SIGTERM: [libjvm.so+0xbb87d0], sa_mask[0]=11111111011111111101111111111110, sa_flags=SA_RESTART|SA_SIGINFO
SIGQUIT: [libjvm.so+0xbb87d0], sa_mask[0]=11111111011111111101111111111110, sa_flags=SA_RESTART|SA_SIGINFO


---------------  S Y S T E M  ---------------

OS:DISTRIB_ID=Ubuntu
DISTRIB_RELEASE=18.04
DISTRIB_CODENAME=bionic
DISTRIB_DESCRIPTION="Ubuntu 18.04.2 LTS"
uname:Linux 4.15.0-48-generic #51-Ubuntu SMP Wed Apr 3 08:28:49 UTC 2019 x86_64
libc:glibc 2.27 NPTL 2.27 
rlimit: STACK 8192k, CORE 0k, NPROC 31021, NOFILE 1048576, AS infinity, DATA infinity, FSIZE infinity
load average:0.53 0.90 0.99

/proc/meminfo:
MemTotal:        8057248 kB
MemFree:          138624 kB
MemAvailable:     345832 kB
Buffers:           13484 kB
Cached:          1149620 kB
SwapCached:            0 kB
Active:          6537800 kB
Inactive:         992508 kB
Active(anon):    6372860 kB
Inactive(anon):   774824 kB
Active(file):     164940 kB
Inactive(file):   217684 kB
Unevictable:          88 kB
Mlocked:              88 kB
SwapTotal:             0 kB
SwapFree:              0 kB
Dirty:               716 kB
Writeback:             0 kB
AnonPages:       6367576 kB
Mapped:           468560 kB
Shmem:            789984 kB
Slab:             168052 kB
SReclaimable:      93736 kB
SUnreclaim:        74316 kB
KernelStack:       21360 kB
PageTables:        97904 kB
NFS_Unstable:          0 kB
Bounce:                0 kB
WritebackTmp:          0 kB
CommitLimit:     4028624 kB
Committed_AS:   15308004 kB
VmallocTotal:   34359738367 kB
VmallocUsed:           0 kB
VmallocChunk:          0 kB
HardwareCorrupted:     0 kB
AnonHugePages:         0 kB
ShmemHugePages:        0 kB
ShmemPmdMapped:        0 kB
CmaTotal:              0 kB
CmaFree:               0 kB
HugePages_Total:       0
HugePages_Free:        0
HugePages_Rsvd:        0
HugePages_Surp:        0
Hugepagesize:       2048 kB
DirectMap4k:      361216 kB
DirectMap2M:     7917568 kB
DirectMap1G:     1048576 kB


/proc/sys/kernel/threads-max (system-wide limit on the number of threads):
62042


/proc/sys/vm/max_map_count (maximum number of memory map areas a process may have):
65530


/proc/sys/kernel/pid_max (system-wide limit on number of process identifiers):
32768



container (cgroup) information:
container_type: cgroupv1
cpu_cpuset_cpus: 0-3
cpu_memory_nodes: 0
active_processor_count: 4
cpu_quota: -1
cpu_period: 100000
cpu_shares: -1
memory_limit_in_bytes: -1
memory_and_swap_limit_in_bytes: -2
memory_soft_limit_in_bytes: -1
memory_usage_in_bytes: 7711555584
memory_max_usage_in_bytes: 0


CPU:total 4 (initial active 4) (2 cores per cpu, 2 threads per core) family 6 model 69 stepping 1, cmov, cx8, fxsr, mmx, sse, sse2, sse3, ssse3, sse4.1, sse4.2, popcnt, avx, avx2, aes, clmul, erms, lzcnt, ht, tsc, tscinvbit, bmi1, bmi2, fma
CPU Model and flags from /proc/cpuinfo:
model name	: Intel(R) Core(TM) i7-4510U CPU @ 2.00GHz
flags		: fpu vme de pse tsc msr pae mce cx8 apic sep mtrr pge mca cmov pat pse36 clflush dts acpi mmx fxsr sse sse2 ss ht tm pbe syscall nx pdpe1gb rdtscp lm constant_tsc arch_perfmon pebs bts rep_good nopl xtopology nonstop_tsc cpuid aperfmperf pni pclmulqdq dtes64 monitor ds_cpl vmx est tm2 ssse3 sdbg fma cx16 xtpr pdcm pcid sse4_1 sse4_2 movbe popcnt tsc_deadline_timer aes xsave avx f16c rdrand lahf_lm abm cpuid_fault epb invpcid_single pti ssbd ibrs ibpb stibp tpr_shadow vnmi flexpriority ept vpid fsgsbase tsc_adjust bmi1 avx2 smep bmi2 erms invpcid xsaveopt dtherm ida arat pln pts flush_l1d

Memory: 4k page, physical 8057248k(138624k free), swap 0k(0k free)

vm_info: OpenJDK 64-Bit Server VM (11.0.3+7-Ubuntu-1ubuntu218.04.1) for linux-amd64 JRE (11.0.3+7-Ubuntu-1ubuntu218.04.1), built on Apr 23 2019 18:34:35 by "buildd" with gcc 7.3.0

END.
